{"meta": {"format": 3, "version": "7.15.4", "timestamp": "2026-08-18T04:25:47.430581", "branch_coverage": false, "show_contexts": false}, "files": {"aegis/__init__.py": {"executed_lines": [3], "summary": {"covered_lines": 1, "num_statements": 1, "percent_covered": 100.0, "percent_covered_display": "100", "missing_lines": 0, "excluded_lines": 0, "percent_statements_covered": 100.0, "percent_statements_covered_display": "100"}, "missing_lines": [], "excluded_lines": [], "functions": {"": {"executed_lines": [3], "summary": {"covered_lines": 1, "num_statements": 1, "percent_covered": 100.0, "percent_covered_display": "100", "missing_lines": 0, "excluded_lines": 0, "percent_statements_covered": 100.0, "percent_statements_covered_display": "100"}, "missing_lines": [], "excluded_lines": [], "start_line": 1}}, "classes": {"": {"executed_lines": [3], "summary": {"covered_lines": 1, "num_statements": 1, "percent_covered": 100.0, "percent_covered_display": "100", "missing_lines": 0, "excluded_lines": 0, "percent_statements_covered": 100.0, "percent_statements_covered_display": "100"}, "missing_lines": [], "excluded_lines": [], "start_line": 1}}}, "aegis/auth/__init__.py": {"executed_lines": [], "summary": {"covered_lines": 0, "num_statements": 0, "percent_covered": 100.0, "percent_covered_display": "100", "missing_lines": 0, "excluded_lines": 0, "percent_statements_covered": 100.0, "percent_statements_covered_display": "100"}, "missing_lines": [], "excluded_lines": [], "functions": {"": {"executed_lines": [], "summary": {"covered_lines": 0, "num_statements": 0, "percent_covered": 100.0, "percent_covered_display": "100", "missing_lines": 0, "excluded_lines": 0, "percent_statements_covered": 100.0, "percent_statements_covered_display": "100"}, "missing_lines": [], "excluded_lines": [], "start_line": 1}}, "classes": {"": {"executed_lines": [], "summary": {"covered_lines": 0, "num_statements": 0, "percent_covered": 100.0, "percent_covered_display": "100", "missing_lines": 0, "excluded_lines": 0, "percent_statements_covered": 100.0, "percent_statements_covered_display": "100"}, "missing_lines": [], "excluded_lines": [], "start_line": 1}}}, "aegis/auth/abac.py": {"executed_lines": [43, 45, 46, 49, 53, 61, 62, 63, 64, 65, 67, 68, 70, 71, 79, 80, 81, 82, 83, 90, 98, 100, 101, 105, 108, 109, 128, 129, 130, 132, 134, 139, 140, 154, 155, 156, 159, 160, 163, 164, 165, 167, 168, 171, 186, 187, 191, 193, 196, 197, 207, 208, 209, 216, 217, 218, 220, 226, 230, 232, 233, 234, 239, 241, 243, 244, 252, 255, 256, 264, 268, 275, 276, 284, 292, 299, 300, 309, 317, 324, 325, 326, 334], "summary": {"covered_lines": 83, "num_statements": 83, "percent_covered": 100.0, "percent_covered_display": "100", "missing_lines": 0, "excluded_lines": 0, "percent_statements_covered": 100.0, "percent_statements_covered_display": "100"}, "missing_lines": [], "excluded_lines": [], "functions": {"ClassificationLevel.from_name": {"executed_lines": [70, 71, 79, 80, 81, 82, 83], "summary": {"covered_lines": 7, "num_statements": 7, "percent_covered": 100.0, "percent_covered_display": "100", "missing_lines": 0, "excluded_lines": 0, "percent_statements_covered": 100.0, "percent_statements_covered_display": "100"}, "missing_lines": [], "excluded_lines": [], "start_line": 68}, "classification_for_impact_level": {"executed_lines": [100, 101, 105], "summary": {"covered_lines": 3, "num_statements": 3, "percent_covered": 100.0, "percent_covered_display": "100", "missing_lines": 0, "excluded_lines": 0, "percent_statements_covered": 100.0, "percent_statements_covered_display": "100"}, "missing_lines": [], "excluded_lines": [], "start_line": 98}, "SecurityLabel.dominates": {"executed_lines": [134], "summary": {"covered_lines": 1, "num_statements": 1, "percent_covered": 100.0, "percent_covered_display": "100", "missing_lines": 0, "excluded_lines": 0, "percent_statements_covered": 100.0, "percent_statements_covered_display": "100"}, "missing_lines": [], "excluded_lines": [], "start_line": 132}, "ABACDecision.__bool__": {"executed_lines": [168], "summary": {"covered_lines": 1, "num_statements": 1, "percent_covered": 100.0, "percent_covered_display": "100", "missing_lines": 0, "excluded_lines": 0, "percent_statements_covered": 100.0, "percent_statements_covered_display": "100"}, "missing_lines": [], "excluded_lines": [], "start_line": 167}, "ABACPolicyEngine.__init__": {"executed_lines": [187], "summary": {"covered_lines": 1, "num_statements": 1, "percent_covered": 100.0, "percent_covered_display": "100", "missing_lines": 0, "excluded_lines": 0, "percent_statements_covered": 100.0, "percent_statements_covered_display": "100"}, "missing_lines": [], "excluded_lines": [], "start_line": 186}, "ABACPolicyEngine.can_read": {"executed_lines": [193, 196, 197, 207, 208, 209, 216, 217, 218, 220], "summary": {"covered_lines": 10, "num_statements": 10, "percent_covered": 100.0, "percent_covered_display": "100", "missing_lines": 0, "excluded_lines": 0, "percent_statements_covered": 100.0, "percent_statements_covered_display": "100"}, "missing_lines": [], "excluded_lines": [], "start_line": 191}, "ABACPolicyEngine._check_releasability": {"executed_lines": [230, 232, 233, 234, 239, 241, 243, 244, 252, 255, 256, 264], "summary": {"covered_lines": 12, "num_statements": 12, "percent_covered": 100.0, "percent_covered_display": "100", "missing_lines": 0, "excluded_lines": 0, "percent_statements_covered": 100.0, "percent_statements_covered_display": "100"}, "missing_lines": [], "excluded_lines": [], "start_line": 226}, "ABACPolicyEngine.can_write": {"executed_lines": [275, 276, 284], "summary": {"covered_lines": 3, "num_statements": 3, "percent_covered": 100.0, "percent_covered_display": "100", "missing_lines": 0, "excluded_lines": 0, "percent_statements_covered": 100.0, "percent_statements_covered_display": "100"}, "missing_lines": [], "excluded_lines": [], "start_line": 268}, "ABACPolicyEngine.can_flow": {"executed_lines": [299, 300, 309], "summary": {"covered_lines": 3, "num_statements": 3, "percent_covered": 100.0, "percent_covered_display": "100", "missing_lines": 0, "excluded_lines": 0, "percent_statements_covered": 100.0, "percent_statements_covered_display": "100"}, "missing_lines": [], "excluded_lines": [], "start_line": 292}, "ABACPolicyEngine.endpoint_accredited": {"executed_lines": [324, 325, 326, 334], "summary": {"covered_lines": 4, "num_statements": 4, "percent_covered": 100.0, "percent_covered_display": "100", "missing_lines": 0, "excluded_lines": 0, "percent_statements_covered": 100.0, "percent_statements_covered_display": "100"}, "missing_lines": [], "excluded_lines": [], "start_line": 317}, "": {"executed_lines": [43, 45, 46, 49, 53, 61, 62, 63, 64, 65, 67, 68, 90, 98, 108, 109, 128, 129, 130, 132, 139, 140, 154, 155, 156, 159, 160, 163, 164, 165, 167, 171, 186, 191, 226, 268, 292, 317], "summary": {"covered_lines": 38, "num_statements": 38, "percent_covered": 100.0, "percent_covered_display": "100", "missing_lines": 0, "excluded_lines": 0, "percent_statements_covered": 100.0, "percent_statements_covered_display": "100"}, "missing_lines": [], "excluded_lines": [], "start_line": 1}}, "classes": {"ABACConfigError": {"executed_lines": [], "summary": {"covered_lines": 0, "num_statements": 0, "percent_covered": 100.0, "percent_covered_display": "100", "missing_lines": 0, "excluded_lines": 0, "percent_statements_covered": 100.0, "percent_statements_covered_display": "100"}, "missing_lines": [], "excluded_lines": [], "start_line": 49}, "ClassificationLevel": {"executed_lines": [70, 71, 79, 80, 81, 82, 83], "summary": {"covered_lines": 7, "num_statements": 7, "percent_covered": 100.0, "percent_covered_display": "100", "missing_lines": 0, "excluded_lines": 0, "percent_statements_covered": 100.0, "percent_statements_covered_display": "100"}, "missing_lines": [], "excluded_lines": [], "start_line": 53}, "SecurityLabel": {"executed_lines": [134], "summary": {"covered_lines": 1, "num_statements": 1, "percent_covered": 100.0, "percent_covered_display": "100", "missing_lines": 0, "excluded_lines": 0, "percent_statements_covered": 100.0, "percent_statements_covered_display": "100"}, "missing_lines": [], "excluded_lines": [], "start_line": 109}, "SubjectAttributes": {"executed_lines": [], "summary": {"covered_lines": 0, "num_statements": 0, "percent_covered": 100.0, "percent_covered_display": "100", "missing_lines": 0, "excluded_lines": 0, "percent_statements_covered": 100.0, "percent_statements_covered_display": "100"}, "missing_lines": [], "excluded_lines": [], "start_line": 140}, "ABACDecision": {"executed_lines": [168], "summary": {"covered_lines": 1, "num_statements": 1, "percent_covered": 100.0, "percent_covered_display": "100", "missing_lines": 0, "excluded_lines": 0, "percent_statements_covered": 100.0, "percent_statements_covered_display": "100"}, "missing_lines": [], "excluded_lines": [], "start_line": 160}, "ABACPolicyEngine": {"executed_lines": [187, 193, 196, 197, 207, 208, 209, 216, 217, 218, 220, 230, 232, 233, 234, 239, 241, 243, 244, 252, 255, 256, 264, 275, 276, 284, 299, 300, 309, 324, 325, 326, 334], "summary": {"covered_lines": 33, "num_statements": 33, "percent_covered": 100.0, "percent_covered_display": "100", "missing_lines": 0, "excluded_lines": 0, "percent_statements_covered": 100.0, "percent_statements_covered_display": "100"}, "missing_lines": [], "excluded_lines": [], "start_line": 171}, "": {"executed_lines": [43, 45, 46, 49, 53, 61, 62, 63, 64, 65, 67, 68, 90, 98, 100, 101, 105, 108, 109, 128, 129, 130, 132, 139, 140, 154, 155, 156, 159, 160, 163, 164, 165, 167, 171, 186, 191, 226, 268, 292, 317], "summary": {"covered_lines": 41, "num_statements": 41, "percent_covered": 100.0, "percent_covered_display": "100", "missing_lines": 0, "excluded_lines": 0, "percent_statements_covered": 100.0, "percent_statements_covered_display": "100"}, "missing_lines": [], "excluded_lines": [], "start_line": 1}}}, "aegis/auth/apikey.py": {"executed_lines": [13, 15, 17, 18, 20, 23, 26, 28, 31, 37, 38, 39, 40, 41, 44, 47, 48, 49, 51, 55, 56, 57, 58, 59, 64, 66, 68, 72, 73, 74, 75, 80, 81, 85, 86, 91, 94, 97, 98, 99, 101, 103, 104, 105, 106, 107, 112, 114, 116, 120, 121, 122, 123, 128, 129, 134, 137, 138, 139, 142, 143, 144], "summary": {"covered_lines": 62, "num_statements": 62, "percent_covered": 100.0, "percent_covered_display": "100", "missing_lines": 0, "excluded_lines": 0, "percent_statements_covered": 100.0, "percent_statements_covered_display": "100"}, "missing_lines": [], "excluded_lines": [], "functions": {"constant_time_key_in": {"executed_lines": [28], "summary": {"covered_lines": 1, "num_statements": 1, "percent_covered": 100.0, "percent_covered_display": "100", "missing_lines": 0, "excluded_lines": 0, "percent_statements_covered": 100.0, "percent_statements_covered_display": "100"}, "missing_lines": [], "excluded_lines": [], "start_line": 26}, "_constant_time_in": {"executed_lines": [37, 38, 39, 40, 41], "summary": {"covered_lines": 5, "num_statements": 5, "percent_covered": 100.0, "percent_covered_display": "100", "missing_lines": 0, "excluded_lines": 0, "percent_statements_covered": 100.0, "percent_statements_covered_display": "100"}, "missing_lines": [], "excluded_lines": [], "start_line": 31}, "ProxyKeyAuth.__init__": {"executed_lines": [48, 49], "summary": {"covered_lines": 2, "num_statements": 2, "percent_covered": 100.0, "percent_covered_display": "100", "missing_lines": 0, "excluded_lines": 0, "percent_statements_covered": 100.0, "percent_statements_covered_display": "100"}, "missing_lines": [], "excluded_lines": [], "start_line": 47}, "ProxyKeyAuth.validate_request": {"executed_lines": [55, 56, 57, 58, 59, 64, 66], "summary": {"covered_lines": 7, "num_statements": 7, "percent_covered": 100.0, "percent_covered_display": "100", "missing_lines": 0, "excluded_lines": 0, "percent_statements_covered": 100.0, "percent_statements_covered_display": "100"}, "missing_lines": [], "excluded_lines": [], "start_line": 51}, "ProxyKeyAuth.__call__": {"executed_lines": [72, 73, 74, 75, 80, 81, 85, 86, 91], "summary": {"covered_lines": 9, "num_statements": 9, "percent_covered": 100.0, "percent_covered_display": "100", "missing_lines": 0, "excluded_lines": 0, "percent_statements_covered": 100.0, "percent_statements_covered_display": "100"}, "missing_lines": [], "excluded_lines": [], "start_line": 68}, "AuditKeyAuth.__init__": {"executed_lines": [98, 99], "summary": {"covered_lines": 2, "num_statements": 2, "percent_covered": 100.0, "percent_covered_display": "100", "missing_lines": 0, "excluded_lines": 0, "percent_statements_covered": 100.0, "percent_statements_covered_display": "100"}, "missing_lines": [], "excluded_lines": [], "start_line": 97}, "AuditKeyAuth.validate_request": {"executed_lines": [103, 104, 105, 106, 107, 112, 114], "summary": {"covered_lines": 7, "num_statements": 7, "percent_covered": 100.0, "percent_covered_display": "100", "missing_lines": 0, "excluded_lines": 0, "percent_statements_covered": 100.0, "percent_statements_covered_display": "100"}, "missing_lines": [], "excluded_lines": [], "start_line": 101}, "AuditKeyAuth.__call__": {"executed_lines": [120, 121, 122, 123, 128, 129, 134], "summary": {"covered_lines": 7, "num_statements": 7, "percent_covered": 100.0, "percent_covered_display": "100", "missing_lines": 0, "excluded_lines": 0, "percent_statements_covered": 100.0, "percent_statements_covered_display": "100"}, "missing_lines": [], "excluded_lines": [], "start_line": 116}, "build_proxy_auth": {"executed_lines": [138, 139], "summary": {"covered_lines": 2, "num_statements": 2, "percent_covered": 100.0, "percent_covered_display": "100", "missing_lines": 0, "excluded_lines": 0, "percent_statements_covered": 100.0, "percent_statements_covered_display": "100"}, "missing_lines": [], "excluded_lines": [], "start_line": 137}, "build_audit_auth": {"executed_lines": [143, 144], "summary": {"covered_lines": 2, "num_statements": 2, "percent_covered": 100.0, "percent_covered_display": "100", "missing_lines": 0, "excluded_lines": 0, "percent_statements_covered": 100.0, "percent_statements_covered_display": "100"}, "missing_lines": [], "excluded_lines": [], "start_line": 142}, "": {"executed_lines": [13, 15, 17, 18, 20, 23, 26, 31, 44, 47, 51, 68, 94, 97, 101, 116, 137, 142], "summary": {"covered_lines": 18, "num_statements": 18, "percent_covered": 100.0, "percent_covered_display": "100", "missing_lines": 0, "excluded_lines": 0, "percent_statements_covered": 100.0, "percent_statements_covered_display": "100"}, "missing_lines": [], "excluded_lines": [], "start_line": 1}}, "classes": {"ProxyKeyAuth": {"executed_lines": [48, 49, 55, 56, 57, 58, 59, 64, 66, 72, 73, 74, 75, 80, 81, 85, 86, 91], "summary": {"covered_lines": 18, "num_statements": 18, "percent_covered": 100.0, "percent_covered_display": "100", "missing_lines": 0, "excluded_lines": 0, "percent_statements_covered": 100.0, "percent_statements_covered_display": "100"}, "missing_lines": [], "excluded_lines": [], "start_line": 44}, "AuditKeyAuth": {"executed_lines": [98, 99, 103, 104, 105, 106, 107, 112, 114, 120, 121, 122, 123, 128, 129, 134], "summary": {"covered_lines": 16, "num_statements": 16, "percent_covered": 100.0, "percent_covered_display": "100", "missing_lines": 0, "excluded_lines": 0, "percent_statements_covered": 100.0, "percent_statements_covered_display": "100"}, "missing_lines": [], "excluded_lines": [], "start_line": 94}, "": {"executed_lines": [13, 15, 17, 18, 20, 23, 26, 28, 31, 37, 38, 39, 40, 41, 44, 47, 51, 68, 94, 97, 101, 116, 137, 138, 139, 142, 143, 144], "summary": {"covered_lines": 28, "num_statements": 28, "percent_covered": 100.0, "percent_covered_display": "100", "missing_lines": 0, "excluded_lines": 0, "percent_statements_covered": 100.0, "percent_statements_covered_display": "100"}, "missing_lines": [], "excluded_lines": [], "start_line": 1}}}, "aegis/auth/ldap_auth.py": {"executed_lines": [54, 56, 57, 58, 59, 61, 62, 63, 64, 66, 73, 76, 80, 83, 84, 85, 88, 89, 132, 133, 134, 135, 136, 137, 138, 139, 140, 141, 142, 144, 145, 148, 149, 157, 158, 159, 160, 162, 164, 166, 174, 175, 176, 177, 186, 187, 196, 198, 201, 208, 209, 210, 211, 212, 215, 234, 235, 236, 237, 238, 239, 244, 248, 273, 274, 276, 277, 280, 283, 286, 288, 296, 298, 300, 305, 306, 307, 308, 309, 310, 314, 315, 316, 317, 318, 319, 321, 322, 330, 331, 332, 343, 344, 348, 350, 355, 356, 357, 358, 359, 360, 365, 366, 367, 370, 371, 375, 376, 382, 383, 384, 385, 386, 387, 390, 392, 399, 400, 401, 411, 412, 419, 420, 425, 431, 432, 434, 436, 437, 438, 439, 440, 445, 447, 449, 473, 478, 479, 480, 481, 482, 483, 488, 489, 490, 491, 492, 495], "summary": {"covered_lines": 148, "num_statements": 172, "percent_covered": 86.04651162790698, "percent_covered_display": "86", "missing_lines": 24, "excluded_lines": 2, "percent_statements_covered": 86.04651162790698, "percent_statements_covered_display": "86"}, "missing_lines": [240, 320, 368, 388, 389, 413, 414, 442, 454, 455, 456, 457, 458, 459, 464, 465, 466, 467, 468, 469, 470, 471, 493, 494], "excluded_lines": [67, 68], "functions": {"LDAPAuthError.__init__": {"executed_lines": [84, 85], "summary": {"covered_lines": 2, "num_statements": 2, "percent_covered": 100.0, "percent_covered_display": "100", "missing_lines": 0, "excluded_lines": 0, "percent_statements_covered": 100.0, "percent_statements_covered_display": "100"}, "missing_lines": [], "excluded_lines": [], "start_line": 83}, "LDAPAuthConfig.effective_search_base": {"executed_lines": [145], "summary": {"covered_lines": 1, "num_statements": 1, "percent_covered": 100.0, "percent_covered_display": "100", "missing_lines": 0, "excluded_lines": 0, "percent_statements_covered": 100.0, "percent_statements_covered_display": "100"}, "missing_lines": [], "excluded_lines": [], "start_line": 144}, "LDAPIdentity.is_member_of": {"executed_lines": [164], "summary": {"covered_lines": 1, "num_statements": 1, "percent_covered": 100.0, "percent_covered_display": "100", "missing_lines": 0, "excluded_lines": 0, "percent_statements_covered": 100.0, "percent_statements_covered_display": "100"}, "missing_lines": [], "excluded_lines": [], "start_line": 162}, "LDAPIdentity.assert_group_membership": {"executed_lines": [174, 175, 176, 177], "summary": {"covered_lines": 4, "num_statements": 4, "percent_covered": 100.0, "percent_covered_display": "100", "missing_lines": 0, "excluded_lines": 0, "percent_statements_covered": 100.0, "percent_statements_covered_display": "100"}, "missing_lines": [], "excluded_lines": [], "start_line": 166}, "_escape_filter_value": {"executed_lines": [198], "summary": {"covered_lines": 1, "num_statements": 1, "percent_covered": 100.0, "percent_covered_display": "100", "missing_lines": 0, "excluded_lines": 0, "percent_statements_covered": 100.0, "percent_statements_covered_display": "100"}, "missing_lines": [], "excluded_lines": [], "start_line": 196}, "_cn_from_dn": {"executed_lines": [208, 209, 210, 211, 212], "summary": {"covered_lines": 5, "num_statements": 5, "percent_covered": 100.0, "percent_covered_display": "100", "missing_lines": 0, "excluded_lines": 0, "percent_statements_covered": 100.0, "percent_statements_covered_display": "100"}, "missing_lines": [], "excluded_lines": [], "start_line": 201}, "LDAPAuthenticator.__init__": {"executed_lines": [235, 236, 237, 238, 239, 244], "summary": {"covered_lines": 6, "num_statements": 7, "percent_covered": 85.71428571428571, "percent_covered_display": "86", "missing_lines": 1, "excluded_lines": 0, "percent_statements_covered": 85.71428571428571, "percent_statements_covered_display": "86"}, "missing_lines": [240], "excluded_lines": [], "start_line": 234}, "LDAPAuthenticator.authenticate": {"executed_lines": [273, 274, 276, 277, 280, 283, 286, 288, 296, 298], "summary": {"covered_lines": 10, "num_statements": 10, "percent_covered": 100.0, "percent_covered_display": "100", "missing_lines": 0, "excluded_lines": 0, "percent_statements_covered": 100.0, "percent_statements_covered_display": "100"}, "missing_lines": [], "excluded_lines": [], "start_line": 248}, "LDAPAuthenticator.test_service_bind": {"executed_lines": [305, 306, 307, 308, 309, 310], "summary": {"covered_lines": 6, "num_statements": 6, "percent_covered": 100.0, "percent_covered_display": "100", "missing_lines": 0, "excluded_lines": 0, "percent_statements_covered": 100.0, "percent_statements_covered_display": "100"}, "missing_lines": [], "excluded_lines": [], "start_line": 300}, "LDAPAuthenticator._build_server": {"executed_lines": [315, 316, 317, 318, 319, 321, 322], "summary": {"covered_lines": 7, "num_statements": 8, "percent_covered": 87.5, "percent_covered_display": "88", "missing_lines": 1, "excluded_lines": 0, "percent_statements_covered": 87.5, "percent_statements_covered_display": "88"}, "missing_lines": [320], "excluded_lines": [], "start_line": 314}, "LDAPAuthenticator._service_bind": {"executed_lines": [331, 332, 343, 344, 348], "summary": {"covered_lines": 5, "num_statements": 5, "percent_covered": 100.0, "percent_covered_display": "100", "missing_lines": 0, "excluded_lines": 0, "percent_statements_covered": 100.0, "percent_statements_covered_display": "100"}, "missing_lines": [], "excluded_lines": [], "start_line": 330}, "LDAPAuthenticator._find_user": {"executed_lines": [355, 356, 357, 358, 359, 360, 365, 366, 367, 370, 371, 375, 376, 382, 383, 384, 385, 386, 387, 390], "summary": {"covered_lines": 20, "num_statements": 23, "percent_covered": 86.95652173913044, "percent_covered_display": "87", "missing_lines": 3, "excluded_lines": 0, "percent_statements_covered": 86.95652173913044, "percent_statements_covered_display": "87"}, "missing_lines": [368, 388, 389], "excluded_lines": [], "start_line": 350}, "LDAPAuthenticator._user_bind": {"executed_lines": [399, 400, 401, 411, 412, 419, 420], "summary": {"covered_lines": 7, "num_statements": 9, "percent_covered": 77.77777777777777, "percent_covered_display": "78", "missing_lines": 2, "excluded_lines": 0, "percent_statements_covered": 77.77777777777777, "percent_statements_covered_display": "78"}, "missing_lines": [413, 414], "excluded_lines": [], "start_line": 392}, "LDAPAuthenticator._collect_groups": {"executed_lines": [431, 432, 434, 436, 437, 438, 439, 440, 445, 447], "summary": {"covered_lines": 10, "num_statements": 11, "percent_covered": 90.9090909090909, "percent_covered_display": "91", "missing_lines": 1, "excluded_lines": 0, "percent_statements_covered": 90.9090909090909, "percent_statements_covered_display": "91"}, "missing_lines": [442], "excluded_lines": [], "start_line": 425}, "LDAPAuthenticator._ad_nested_groups": {"executed_lines": [], "summary": {"covered_lines": 0, "num_statements": 14, "percent_covered": 0.0, "percent_covered_display": "0", "missing_lines": 14, "excluded_lines": 0, "percent_statements_covered": 0.0, "percent_statements_covered_display": "0"}, "missing_lines": [454, 455, 456, 457, 458, 459, 464, 465, 466, 467, 468, 469, 470, 471], "excluded_lines": [], "start_line": 449}, "LDAPAuthenticator._rfc_groups": {"executed_lines": [478, 479, 480, 481, 482, 483, 488, 489, 490, 491, 492, 495], "summary": {"covered_lines": 12, "num_statements": 14, "percent_covered": 85.71428571428571, "percent_covered_display": "86", "missing_lines": 2, "excluded_lines": 0, "percent_statements_covered": 85.71428571428571, "percent_statements_covered_display": "86"}, "missing_lines": [493, 494], "excluded_lines": [], "start_line": 473}, "": {"executed_lines": [54, 56, 57, 58, 59, 61, 62, 63, 64, 66, 73, 76, 80, 83, 88, 89, 132, 133, 134, 135, 136, 137, 138, 139, 140, 141, 142, 144, 148, 149, 157, 158, 159, 160, 162, 166, 186, 187, 196, 201, 215, 234, 248, 300, 314, 330, 350, 392, 425, 449, 473], "summary": {"covered_lines": 51, "num_statements": 51, "percent_covered": 100.0, "percent_covered_display": "100", "missing_lines": 0, "excluded_lines": 2, "percent_statements_covered": 100.0, "percent_statements_covered_display": "100"}, "missing_lines": [], "excluded_lines": [67, 68], "start_line": 1}}, "classes": {"LDAPConfigError": {"executed_lines": [], "summary": {"covered_lines": 0, "num_statements": 0, "percent_covered": 100.0, "percent_covered_display": "100", "missing_lines": 0, "excluded_lines": 0, "percent_statements_covered": 100.0, "percent_statements_covered_display": "100"}, "missing_lines": [], "excluded_lines": [], "start_line": 76}, "LDAPAuthError": {"executed_lines": [84, 85], "summary": {"covered_lines": 2, "num_statements": 2, "percent_covered": 100.0, "percent_covered_display": "100", "missing_lines": 0, "excluded_lines": 0, "percent_statements_covered": 100.0, "percent_statements_covered_display": "100"}, "missing_lines": [], "excluded_lines": [], "start_line": 80}, "LDAPAuthConfig": {"executed_lines": [145], "summary": {"covered_lines": 1, "num_statements": 1, "percent_covered": 100.0, "percent_covered_display": "100", "missing_lines": 0, "excluded_lines": 0, "percent_statements_covered": 100.0, "percent_statements_covered_display": "100"}, "missing_lines": [], "excluded_lines": [], "start_line": 89}, "LDAPIdentity": {"executed_lines": [164, 174, 175, 176, 177], "summary": {"covered_lines": 5, "num_statements": 5, "percent_covered": 100.0, "percent_covered_display": "100", "missing_lines": 0, "excluded_lines": 0, "percent_statements_covered": 100.0, "percent_statements_covered_display": "100"}, "missing_lines": [], "excluded_lines": [], "start_line": 149}, "LDAPAuthenticator": {"executed_lines": [235, 236, 237, 238, 239, 244, 273, 274, 276, 277, 280, 283, 286, 288, 296, 298, 305, 306, 307, 308, 309, 310, 315, 316, 317, 318, 319, 321, 322, 331, 332, 343, 344, 348, 355, 356, 357, 358, 359, 360, 365, 366, 367, 370, 371, 375, 376, 382, 383, 384, 385, 386, 387, 390, 399, 400, 401, 411, 412, 419, 420, 431, 432, 434, 436, 437, 438, 439, 440, 445, 447, 478, 479, 480, 481, 482, 483, 488, 489, 490, 491, 492, 495], "summary": {"covered_lines": 83, "num_statements": 107, "percent_covered": 77.57009345794393, "percent_covered_display": "78", "missing_lines": 24, "excluded_lines": 0, "percent_statements_covered": 77.57009345794393, "percent_statements_covered_display": "78"}, "missing_lines": [240, 320, 368, 388, 389, 413, 414, 442, 454, 455, 456, 457, 458, 459, 464, 465, 466, 467, 468, 469, 470, 471, 493, 494], "excluded_lines": [], "start_line": 215}, "": {"executed_lines": [54, 56, 57, 58, 59, 61, 62, 63, 64, 66, 73, 76, 80, 83, 88, 89, 132, 133, 134, 135, 136, 137, 138, 139, 140, 141, 142, 144, 148, 149, 157, 158, 159, 160, 162, 166, 186, 187, 196, 198, 201, 208, 209, 210, 211, 212, 215, 234, 248, 300, 314, 330, 350, 392, 425, 449, 473], "summary": {"covered_lines": 57, "num_statements": 57, "percent_covered": 100.0, "percent_covered_display": "100", "missing_lines": 0, "excluded_lines": 2, "percent_statements_covered": 100.0, "percent_statements_covered_display": "100"}, "missing_lines": [], "excluded_lines": [67, 68], "start_line": 1}}}, "aegis/auth/rbac.py": {"executed_lines": [52, 54, 55, 56, 57, 59, 68, 75, 76, 89, 90, 91, 93, 94, 98, 103, 108, 113, 119, 127, 128, 154, 155, 156, 157, 158, 159, 160, 163, 164, 167, 168, 169, 172, 173, 181, 182, 183, 184, 185, 187, 188, 194, 210, 217, 218, 219, 220, 221, 222, 223, 226, 228, 229, 230, 231, 232, 233, 234, 235, 236, 240, 241, 243, 249, 250, 251, 253, 254, 255, 256, 257, 258, 259, 260, 263, 265, 267, 268, 269, 270, 271, 273, 275, 276, 277, 278, 284, 302, 303, 306, 308, 309, 311, 312, 314, 315, 318, 319, 322, 323, 325, 326, 328, 329, 331, 332, 337, 338, 341, 342, 344, 345, 347, 348, 350, 351, 352, 353, 354, 355, 356, 357, 359, 360, 363, 364, 370, 371, 372, 374, 375, 376, 377, 379, 380, 382, 383, 384, 385, 386, 387, 389, 391, 392, 401, 419, 424, 425, 427, 428, 430, 431, 432, 434, 435, 436, 443, 444, 445, 453, 461, 463, 464, 465, 466], "summary": {"covered_lines": 166, "num_statements": 166, "percent_covered": 100.0, "percent_covered_display": "100", "missing_lines": 0, "excluded_lines": 6, "percent_statements_covered": 100.0, "percent_statements_covered_display": "100"}, "missing_lines": [], "excluded_lines": [292, 293, 295, 296, 298, 299], "functions": {"Role.grants": {"executed_lines": [94], "summary": {"covered_lines": 1, "num_statements": 1, "percent_covered": 100.0, "percent_covered_display": "100", "missing_lines": 0, "excluded_lines": 0, "percent_statements_covered": 100.0, "percent_statements_covered_display": "100"}, "missing_lines": [], "excluded_lines": [], "start_line": 93}, "AccessDecision.__bool__": {"executed_lines": [188], "summary": {"covered_lines": 1, "num_statements": 1, "percent_covered": 100.0, "percent_covered_display": "100", "missing_lines": 0, "excluded_lines": 0, "percent_statements_covered": 100.0, "percent_statements_covered_display": "100"}, "missing_lines": [], "excluded_lines": [], "start_line": 187}, "RoleRegistry.__init__": {"executed_lines": [217, 218, 219, 220, 221, 222, 223, 226], "summary": {"covered_lines": 8, "num_statements": 8, "percent_covered": 100.0, "percent_covered_display": "100", "missing_lines": 0, "excluded_lines": 0, "percent_statements_covered": 100.0, "percent_statements_covered_display": "100"}, "missing_lines": [], "excluded_lines": [], "start_line": 210}, "RoleRegistry._validate_references": {"executed_lines": [229, 230, 231, 232, 233, 234, 235, 236], "summary": {"covered_lines": 8, "num_statements": 8, "percent_covered": 100.0, "percent_covered_display": "100", "missing_lines": 0, "excluded_lines": 0, "percent_statements_covered": 100.0, "percent_statements_covered_display": "100"}, "missing_lines": [], "excluded_lines": [], "start_line": 228}, "RoleRegistry.get_role": {"executed_lines": [241], "summary": {"covered_lines": 1, "num_statements": 1, "percent_covered": 100.0, "percent_covered_display": "100", "missing_lines": 0, "excluded_lines": 0, "percent_statements_covered": 100.0, "percent_statements_covered_display": "100"}, "missing_lines": [], "excluded_lines": [], "start_line": 240}, "RoleRegistry.resolve_roles": {"executed_lines": [249, 250, 251, 253, 254, 255, 256, 257, 258, 259, 260, 263], "summary": {"covered_lines": 12, "num_statements": 12, "percent_covered": 100.0, "percent_covered_display": "100", "missing_lines": 0, "excluded_lines": 0, "percent_statements_covered": 100.0, "percent_statements_covered_display": "100"}, "missing_lines": [], "excluded_lines": [], "start_line": 243}, "RoleRegistry.resolve_permissions": {"executed_lines": [267, 268, 269, 270, 271], "summary": {"covered_lines": 5, "num_statements": 5, "percent_covered": 100.0, "percent_covered_display": "100", "missing_lines": 0, "excluded_lines": 0, "percent_statements_covered": 100.0, "percent_statements_covered_display": "100"}, "missing_lines": [], "excluded_lines": [], "start_line": 265}, "RoleRegistry.find_granting_role": {"executed_lines": [275, 276, 277, 278], "summary": {"covered_lines": 4, "num_statements": 4, "percent_covered": 100.0, "percent_covered_display": "100", "missing_lines": 0, "excluded_lines": 0, "percent_statements_covered": 100.0, "percent_statements_covered_display": "100"}, "missing_lines": [], "excluded_lines": [], "start_line": 273}, "Constraint.applies_to": {"executed_lines": [], "summary": {"covered_lines": 0, "num_statements": 0, "percent_covered": 100.0, "percent_covered_display": "100", "missing_lines": 0, "excluded_lines": 1, "percent_statements_covered": 100.0, "percent_statements_covered_display": "100"}, "missing_lines": [], "excluded_lines": [293], "start_line": 292}, "Constraint.check": {"executed_lines": [], "summary": {"covered_lines": 0, "num_statements": 0, "percent_covered": 100.0, "percent_covered_display": "100", "missing_lines": 0, "excluded_lines": 1, "percent_statements_covered": 100.0, "percent_statements_covered_display": "100"}, "missing_lines": [], "excluded_lines": [296], "start_line": 295}, "Constraint.denial_reason": {"executed_lines": [], "summary": {"covered_lines": 0, "num_statements": 0, "percent_covered": 100.0, "percent_covered_display": "100", "missing_lines": 0, "excluded_lines": 1, "percent_statements_covered": 100.0, "percent_statements_covered_display": "100"}, "missing_lines": [], "excluded_lines": [299], "start_line": 298}, "RequireMTLS.applies_to": {"executed_lines": [309], "summary": {"covered_lines": 1, "num_statements": 1, "percent_covered": 100.0, "percent_covered_display": "100", "missing_lines": 0, "excluded_lines": 0, "percent_statements_covered": 100.0, "percent_statements_covered_display": "100"}, "missing_lines": [], "excluded_lines": [], "start_line": 308}, "RequireMTLS.check": {"executed_lines": [312], "summary": {"covered_lines": 1, "num_statements": 1, "percent_covered": 100.0, "percent_covered_display": "100", "missing_lines": 0, "excluded_lines": 0, "percent_statements_covered": 100.0, "percent_statements_covered_display": "100"}, "missing_lines": [], "excluded_lines": [], "start_line": 311}, "RequireMTLS.denial_reason": {"executed_lines": [315], "summary": {"covered_lines": 1, "num_statements": 1, "percent_covered": 100.0, "percent_covered_display": "100", "missing_lines": 0, "excluded_lines": 0, "percent_statements_covered": 100.0, "percent_statements_covered_display": "100"}, "missing_lines": [], "excluded_lines": [], "start_line": 314}, "RequireAuthMethod.applies_to": {"executed_lines": [326], "summary": {"covered_lines": 1, "num_statements": 1, "percent_covered": 100.0, "percent_covered_display": "100", "missing_lines": 0, "excluded_lines": 0, "percent_statements_covered": 100.0, "percent_statements_covered_display": "100"}, "missing_lines": [], "excluded_lines": [], "start_line": 325}, "RequireAuthMethod.check": {"executed_lines": [329], "summary": {"covered_lines": 1, "num_statements": 1, "percent_covered": 100.0, "percent_covered_display": "100", "missing_lines": 0, "excluded_lines": 0, "percent_statements_covered": 100.0, "percent_statements_covered_display": "100"}, "missing_lines": [], "excluded_lines": [], "start_line": 328}, "RequireAuthMethod.denial_reason": {"executed_lines": [332], "summary": {"covered_lines": 1, "num_statements": 1, "percent_covered": 100.0, "percent_covered_display": "100", "missing_lines": 0, "excluded_lines": 0, "percent_statements_covered": 100.0, "percent_statements_covered_display": "100"}, "missing_lines": [], "excluded_lines": [], "start_line": 331}, "IPAllowlist.__post_init__": {"executed_lines": [345], "summary": {"covered_lines": 1, "num_statements": 1, "percent_covered": 100.0, "percent_covered_display": "100", "missing_lines": 0, "excluded_lines": 0, "percent_statements_covered": 100.0, "percent_statements_covered_display": "100"}, "missing_lines": [], "excluded_lines": [], "start_line": 344}, "IPAllowlist.applies_to": {"executed_lines": [348], "summary": {"covered_lines": 1, "num_statements": 1, "percent_covered": 100.0, "percent_covered_display": "100", "missing_lines": 0, "excluded_lines": 0, "percent_statements_covered": 100.0, "percent_statements_covered_display": "100"}, "missing_lines": [], "excluded_lines": [], "start_line": 347}, "IPAllowlist.check": {"executed_lines": [351, 352, 353, 354, 355, 356, 357], "summary": {"covered_lines": 7, "num_statements": 7, "percent_covered": 100.0, "percent_covered_display": "100", "missing_lines": 0, "excluded_lines": 0, "percent_statements_covered": 100.0, "percent_statements_covered_display": "100"}, "missing_lines": [], "excluded_lines": [], "start_line": 350}, "IPAllowlist.denial_reason": {"executed_lines": [360], "summary": {"covered_lines": 1, "num_statements": 1, "percent_covered": 100.0, "percent_covered_display": "100", "missing_lines": 0, "excluded_lines": 0, "percent_statements_covered": 100.0, "percent_statements_covered_display": "100"}, "missing_lines": [], "excluded_lines": [], "start_line": 359}, "TimeWindow.__post_init__": {"executed_lines": [375, 376, 377], "summary": {"covered_lines": 3, "num_statements": 3, "percent_covered": 100.0, "percent_covered_display": "100", "missing_lines": 0, "excluded_lines": 0, "percent_statements_covered": 100.0, "percent_statements_covered_display": "100"}, "missing_lines": [], "excluded_lines": [], "start_line": 374}, "TimeWindow.applies_to": {"executed_lines": [380], "summary": {"covered_lines": 1, "num_statements": 1, "percent_covered": 100.0, "percent_covered_display": "100", "missing_lines": 0, "excluded_lines": 0, "percent_statements_covered": 100.0, "percent_statements_covered_display": "100"}, "missing_lines": [], "excluded_lines": [], "start_line": 379}, "TimeWindow.check": {"executed_lines": [383, 384, 385, 386, 387, 389], "summary": {"covered_lines": 6, "num_statements": 6, "percent_covered": 100.0, "percent_covered_display": "100", "missing_lines": 0, "excluded_lines": 0, "percent_statements_covered": 100.0, "percent_statements_covered_display": "100"}, "missing_lines": [], "excluded_lines": [], "start_line": 382}, "TimeWindow.denial_reason": {"executed_lines": [392], "summary": {"covered_lines": 1, "num_statements": 1, "percent_covered": 100.0, "percent_covered_display": "100", "missing_lines": 0, "excluded_lines": 0, "percent_statements_covered": 100.0, "percent_statements_covered_display": "100"}, "missing_lines": [], "excluded_lines": [], "start_line": 391}, "ZeroTrustPolicyEngine.__init__": {"executed_lines": [424, 425], "summary": {"covered_lines": 2, "num_statements": 2, "percent_covered": 100.0, "percent_covered_display": "100", "missing_lines": 0, "excluded_lines": 0, "percent_statements_covered": 100.0, "percent_statements_covered_display": "100"}, "missing_lines": [], "excluded_lines": [], "start_line": 419}, "ZeroTrustPolicyEngine.add_constraint": {"executed_lines": [428], "summary": {"covered_lines": 1, "num_statements": 1, "percent_covered": 100.0, "percent_covered_display": "100", "missing_lines": 0, "excluded_lines": 0, "percent_statements_covered": 100.0, "percent_statements_covered_display": "100"}, "missing_lines": [], "excluded_lines": [], "start_line": 427}, "ZeroTrustPolicyEngine.evaluate": {"executed_lines": [431, 432, 434, 435, 436, 443, 444, 445, 453], "summary": {"covered_lines": 9, "num_statements": 9, "percent_covered": 100.0, "percent_covered_display": "100", "missing_lines": 0, "excluded_lines": 0, "percent_statements_covered": 100.0, "percent_statements_covered_display": "100"}, "missing_lines": [], "excluded_lines": [], "start_line": 430}, "ZeroTrustPolicyEngine.require": {"executed_lines": [463, 464, 465, 466], "summary": {"covered_lines": 4, "num_statements": 4, "percent_covered": 100.0, "percent_covered_display": "100", "missing_lines": 0, "excluded_lines": 0, "percent_statements_covered": 100.0, "percent_statements_covered_display": "100"}, "missing_lines": [], "excluded_lines": [], "start_line": 461}, "": {"executed_lines": [52, 54, 55, 56, 57, 59, 68, 75, 76, 89, 90, 91, 93, 98, 103, 108, 113, 119, 127, 128, 154, 155, 156, 157, 158, 159, 160, 163, 164, 167, 168, 169, 172, 173, 181, 182, 183, 184, 185, 187, 194, 210, 228, 240, 243, 265, 273, 284, 302, 303, 306, 308, 311, 314, 318, 319, 322, 323, 325, 328, 331, 337, 338, 341, 342, 344, 347, 350, 359, 363, 364, 370, 371, 372, 374, 379, 382, 391, 401, 419, 427, 430, 461], "summary": {"covered_lines": 83, "num_statements": 83, "percent_covered": 100.0, "percent_covered_display": "100", "missing_lines": 0, "excluded_lines": 3, "percent_statements_covered": 100.0, "percent_statements_covered_display": "100"}, "missing_lines": [], "excluded_lines": [292, 295, 298], "start_line": 1}}, "classes": {"RBACConfigError": {"executed_lines": [], "summary": {"covered_lines": 0, "num_statements": 0, "percent_covered": 100.0, "percent_covered_display": "100", "missing_lines": 0, "excluded_lines": 0, "percent_statements_covered": 100.0, "percent_statements_covered_display": "100"}, "missing_lines": [], "excluded_lines": [], "start_line": 68}, "Role": {"executed_lines": [94], "summary": {"covered_lines": 1, "num_statements": 1, "percent_covered": 100.0, "percent_covered_display": "100", "missing_lines": 0, "excluded_lines": 0, "percent_statements_covered": 100.0, "percent_statements_covered_display": "100"}, "missing_lines": [], "excluded_lines": [], "start_line": 76}, "AccessContext": {"executed_lines": [], "summary": {"covered_lines": 0, "num_statements": 0, "percent_covered": 100.0, "percent_covered_display": "100", "missing_lines": 0, "excluded_lines": 0, "percent_statements_covered": 100.0, "percent_statements_covered_display": "100"}, "missing_lines": [], "excluded_lines": [], "start_line": 128}, "AccessRequest": {"executed_lines": [], "summary": {"covered_lines": 0, "num_statements": 0, "percent_covered": 100.0, "percent_covered_display": "100", "missing_lines": 0, "excluded_lines": 0, "percent_statements_covered": 100.0, "percent_statements_covered_display": "100"}, "missing_lines": [], "excluded_lines": [], "start_line": 164}, "AccessDecision": {"executed_lines": [188], "summary": {"covered_lines": 1, "num_statements": 1, "percent_covered": 100.0, "percent_covered_display": "100", "missing_lines": 0, "excluded_lines": 0, "percent_statements_covered": 100.0, "percent_statements_covered_display": "100"}, "missing_lines": [], "excluded_lines": [], "start_line": 173}, "RoleRegistry": {"executed_lines": [217, 218, 219, 220, 221, 222, 223, 226, 229, 230, 231, 232, 233, 234, 235, 236, 241, 249, 250, 251, 253, 254, 255, 256, 257, 258, 259, 260, 263, 267, 268, 269, 270, 271, 275, 276, 277, 278], "summary": {"covered_lines": 38, "num_statements": 38, "percent_covered": 100.0, "percent_covered_display": "100", "missing_lines": 0, "excluded_lines": 0, "percent_statements_covered": 100.0, "percent_statements_covered_display": "100"}, "missing_lines": [], "excluded_lines": [], "start_line": 194}, "Constraint": {"executed_lines": [], "summary": {"covered_lines": 0, "num_statements": 0, "percent_covered": 100.0, "percent_covered_display": "100", "missing_lines": 0, "excluded_lines": 3, "percent_statements_covered": 100.0, "percent_statements_covered_display": "100"}, "missing_lines": [], "excluded_lines": [293, 296, 299], "start_line": 284}, "RequireMTLS": {"executed_lines": [309, 312, 315], "summary": {"covered_lines": 3, "num_statements": 3, "percent_covered": 100.0, "percent_covered_display": "100", "missing_lines": 0, "excluded_lines": 0, "percent_statements_covered": 100.0, "percent_statements_covered_display": "100"}, "missing_lines": [], "excluded_lines": [], "start_line": 303}, "RequireAuthMethod": {"executed_lines": [326, 329, 332], "summary": {"covered_lines": 3, "num_statements": 3, "percent_covered": 100.0, "percent_covered_display": "100", "missing_lines": 0, "excluded_lines": 0, "percent_statements_covered": 100.0, "percent_statements_covered_display": "100"}, "missing_lines": [], "excluded_lines": [], "start_line": 319}, "IPAllowlist": {"executed_lines": [345, 348, 351, 352, 353, 354, 355, 356, 357, 360], "summary": {"covered_lines": 10, "num_statements": 10, "percent_covered": 100.0, "percent_covered_display": "100", "missing_lines": 0, "excluded_lines": 0, "percent_statements_covered": 100.0, "percent_statements_covered_display": "100"}, "missing_lines": [], "excluded_lines": [], "start_line": 338}, "TimeWindow": {"executed_lines": [375, 376, 377, 380, 383, 384, 385, 386, 387, 389, 392], "summary": {"covered_lines": 11, "num_statements": 11, "percent_covered": 100.0, "percent_covered_display": "100", "missing_lines": 0, "excluded_lines": 0, "percent_statements_covered": 100.0, "percent_statements_covered_display": "100"}, "missing_lines": [], "excluded_lines": [], "start_line": 364}, "ZeroTrustPolicyEngine": {"executed_lines": [424, 425, 428, 431, 432, 434, 435, 436, 443, 444, 445, 453, 463, 464, 465, 466], "summary": {"covered_lines": 16, "num_statements": 16, "percent_covered": 100.0, "percent_covered_display": "100", "missing_lines": 0, "excluded_lines": 0, "percent_statements_covered": 100.0, "percent_statements_covered_display": "100"}, "missing_lines": [], "excluded_lines": [], "start_line": 401}, "": {"executed_lines": [52, 54, 55, 56, 57, 59, 68, 75, 76, 89, 90, 91, 93, 98, 103, 108, 113, 119, 127, 128, 154, 155, 156, 157, 158, 159, 160, 163, 164, 167, 168, 169, 172, 173, 181, 182, 183, 184, 185, 187, 194, 210, 228, 240, 243, 265, 273, 284, 302, 303, 306, 308, 311, 314, 318, 319, 322, 323, 325, 328, 331, 337, 338, 341, 342, 344, 347, 350, 359, 363, 364, 370, 371, 372, 374, 379, 382, 391, 401, 419, 427, 430, 461], "summary": {"covered_lines": 83, "num_statements": 83, "percent_covered": 100.0, "percent_covered_display": "100", "missing_lines": 0, "excluded_lines": 3, "percent_statements_covered": 100.0, "percent_statements_covered_display": "100"}, "missing_lines": [], "excluded_lines": [292, 295, 298], "start_line": 1}}}, "aegis/auth/scim.py": {"executed_lines": [59, 61, 62, 63, 64, 65, 66, 70, 71, 72, 73, 74, 80, 94, 95, 96, 97, 98, 100, 101, 106, 107, 108, 114, 115, 118, 119, 120, 121, 124, 125, 128, 129, 130, 133, 134, 137, 138, 139, 140, 141, 142, 143, 144, 146, 147, 158, 159, 160, 167, 170, 171, 179, 180, 181, 182, 183, 184, 186, 187, 193, 195, 202, 205, 206, 220, 221, 222, 225, 226, 229, 230, 231, 232, 234, 235, 246, 252, 253, 254, 255, 263, 268, 271, 276, 277, 278, 280, 281, 282, 284, 285, 286, 287, 289, 290, 291, 292, 293, 294, 295, 296, 297, 298, 299, 300, 301, 302, 305, 311, 312, 315, 316, 319, 320, 323, 334, 335, 336, 337, 339, 340, 344, 357, 358, 359, 360, 361, 362, 363, 378, 379, 380, 384, 386, 387, 389, 390, 391, 392, 393, 395, 397, 398, 399, 400, 401, 405, 420, 421, 422, 423, 424, 425, 426, 427, 442, 443, 444, 445, 446, 450, 456, 457, 458, 465, 466, 467, 468, 469, 470, 474, 489, 490, 491, 492, 493, 497, 502, 503, 504, 505, 506, 507, 508, 509, 527, 534, 535, 536, 537, 538, 539, 548, 559, 560, 561, 562, 563, 564, 565, 578, 579, 580, 584, 586, 587, 589, 590, 591, 592, 593, 597, 609, 610, 611, 612, 613, 614, 615, 616, 629, 630, 631, 632, 633, 637, 643, 644, 645, 646, 647, 649, 650, 651, 653, 655, 657, 658, 661, 662, 663, 664, 665, 666, 672, 673, 677, 678, 679, 680, 682, 689, 696, 697, 698, 701, 702, 715, 716, 717, 718, 719, 723, 725, 726, 727, 728, 729, 730, 731, 732, 736, 743, 744, 745, 746, 747, 748, 757, 759, 760, 761, 762, 763, 768, 770, 772, 773, 774, 775, 776, 781, 783, 785, 786, 787, 791, 799, 800, 806, 808, 820, 828, 829, 830, 836, 846, 854, 855, 857, 858, 864, 865, 866, 867, 868, 869, 871, 872, 874, 875, 876, 877, 878, 879, 880, 881, 883, 886, 888, 889, 890, 892, 894, 895, 897, 899, 900, 901, 902, 903, 905, 906, 908, 909, 910, 911, 915, 916, 918, 920, 921, 923, 925, 926, 927, 929, 931, 932, 933, 934, 946, 947, 948, 960], "summary": {"covered_lines": 366, "num_statements": 384, "percent_covered": 95.3125, "percent_covered_display": "95", "missing_lines": 18, "excluded_lines": 0, "percent_statements_covered": 95.3125, "percent_statements_covered_display": "95"}, "missing_lines": [161, 194, 196, 303, 471, 652, 667, 668, 683, 684, 686, 699, 907, 913, 917, 922, 935, 936], "excluded_lines": [], "functions": {"ScimError.__init__": {"executed_lines": [95, 96, 97, 98], "summary": {"covered_lines": 4, "num_statements": 4, "percent_covered": 100.0, "percent_covered_display": "100", "missing_lines": 0, "excluded_lines": 0, "percent_statements_covered": 100.0, "percent_statements_covered_display": "100"}, "missing_lines": [], "excluded_lines": [], "start_line": 94}, "ScimError.to_dict": {"executed_lines": [101, 106, 107, 108], "summary": {"covered_lines": 4, "num_statements": 4, "percent_covered": 100.0, "percent_covered_display": "100", "missing_lines": 0, "excluded_lines": 0, "percent_statements_covered": 100.0, "percent_statements_covered_display": "100"}, "missing_lines": [], "excluded_lines": [], "start_line": 100}, "ScimUser.to_dict": {"executed_lines": [147, 158, 159, 160, 167], "summary": {"covered_lines": 5, "num_statements": 6, "percent_covered": 83.33333333333333, "percent_covered_display": "83", "missing_lines": 1, "excluded_lines": 0, "percent_statements_covered": 83.33333333333333, "percent_statements_covered_display": "83"}, "missing_lines": [161], "excluded_lines": [], "start_line": 146}, "ScimGroup.to_dict": {"executed_lines": [187, 193, 195, 202], "summary": {"covered_lines": 4, "num_statements": 6, "percent_covered": 66.66666666666667, "percent_covered_display": "67", "missing_lines": 2, "excluded_lines": 0, "percent_statements_covered": 66.66666666666667, "percent_statements_covered_display": "67"}, "missing_lines": [194, 196], "excluded_lines": [], "start_line": 186}, "ScimListResponse.to_dict": {"executed_lines": [235], "summary": {"covered_lines": 1, "num_statements": 1, "percent_covered": 100.0, "percent_covered_display": "100", "missing_lines": 0, "excluded_lines": 0, "percent_statements_covered": 100.0, "percent_statements_covered_display": "100"}, "missing_lines": [], "excluded_lines": [], "start_line": 234}, "_resolve_attr": {"executed_lines": [253, 254, 255, 263, 268], "summary": {"covered_lines": 5, "num_statements": 5, "percent_covered": 100.0, "percent_covered_display": "100", "missing_lines": 0, "excluded_lines": 0, "percent_statements_covered": 100.0, "percent_statements_covered_display": "100"}, "missing_lines": [], "excluded_lines": [], "start_line": 252}, "_apply_filter": {"executed_lines": [276, 277, 278, 280, 281, 282, 284, 285, 286, 287, 289, 305], "summary": {"covered_lines": 12, "num_statements": 12, "percent_covered": 100.0, "percent_covered_display": "100", "missing_lines": 0, "excluded_lines": 0, "percent_statements_covered": 100.0, "percent_statements_covered_display": "100"}, "missing_lines": [], "excluded_lines": [], "start_line": 271}, "_apply_filter.matches": {"executed_lines": [290, 291, 292, 293, 294, 295, 296, 297, 298, 299, 300, 301, 302], "summary": {"covered_lines": 13, "num_statements": 14, "percent_covered": 92.85714285714286, "percent_covered_display": "93", "missing_lines": 1, "excluded_lines": 0, "percent_statements_covered": 92.85714285714286, "percent_statements_covered_display": "93"}, "missing_lines": [303], "excluded_lines": [], "start_line": 289}, "_now_utc": {"executed_lines": [312], "summary": {"covered_lines": 1, "num_statements": 1, "percent_covered": 100.0, "percent_covered_display": "100", "missing_lines": 0, "excluded_lines": 0, "percent_statements_covered": 100.0, "percent_statements_covered_display": "100"}, "missing_lines": [], "excluded_lines": [], "start_line": 311}, "_new_id": {"executed_lines": [316], "summary": {"covered_lines": 1, "num_statements": 1, "percent_covered": 100.0, "percent_covered_display": "100", "missing_lines": 0, "excluded_lines": 0, "percent_statements_covered": 100.0, "percent_statements_covered_display": "100"}, "missing_lines": [], "excluded_lines": [], "start_line": 315}, "_etag": {"executed_lines": [320], "summary": {"covered_lines": 1, "num_statements": 1, "percent_covered": 100.0, "percent_covered_display": "100", "missing_lines": 0, "excluded_lines": 0, "percent_statements_covered": 100.0, "percent_statements_covered_display": "100"}, "missing_lines": [], "excluded_lines": [], "start_line": 319}, "ScimStore.__init__": {"executed_lines": [335, 336, 337, 339, 340], "summary": {"covered_lines": 5, "num_statements": 5, "percent_covered": 100.0, "percent_covered_display": "100", "missing_lines": 0, "excluded_lines": 0, "percent_statements_covered": 100.0, "percent_statements_covered_display": "100"}, "missing_lines": [], "excluded_lines": [], "start_line": 334}, "ScimStore.create_user": {"executed_lines": [357, 358, 359, 360, 361, 362, 363, 378, 379, 380], "summary": {"covered_lines": 10, "num_statements": 10, "percent_covered": 100.0, "percent_covered_display": "100", "missing_lines": 0, "excluded_lines": 0, "percent_statements_covered": 100.0, "percent_statements_covered_display": "100"}, "missing_lines": [], "excluded_lines": [], "start_line": 344}, "ScimStore.get_user": {"executed_lines": [386, 387], "summary": {"covered_lines": 2, "num_statements": 2, "percent_covered": 100.0, "percent_covered_display": "100", "missing_lines": 0, "excluded_lines": 0, "percent_statements_covered": 100.0, "percent_statements_covered_display": "100"}, "missing_lines": [], "excluded_lines": [], "start_line": 384}, "ScimStore._get_user_locked": {"executed_lines": [390, 391, 392, 393], "summary": {"covered_lines": 4, "num_statements": 4, "percent_covered": 100.0, "percent_covered_display": "100", "missing_lines": 0, "excluded_lines": 0, "percent_statements_covered": 100.0, "percent_statements_covered_display": "100"}, "missing_lines": [], "excluded_lines": [], "start_line": 389}, "ScimStore.get_user_by_name": {"executed_lines": [397, 398, 399, 400, 401], "summary": {"covered_lines": 5, "num_statements": 5, "percent_covered": 100.0, "percent_covered_display": "100", "missing_lines": 0, "excluded_lines": 0, "percent_statements_covered": 100.0, "percent_statements_covered_display": "100"}, "missing_lines": [], "excluded_lines": [], "start_line": 395}, "ScimStore.replace_user": {"executed_lines": [420, 421, 422, 423, 424, 425, 426, 427, 442, 443, 444, 445, 446], "summary": {"covered_lines": 13, "num_statements": 13, "percent_covered": 100.0, "percent_covered_display": "100", "missing_lines": 0, "excluded_lines": 0, "percent_statements_covered": 100.0, "percent_statements_covered_display": "100"}, "missing_lines": [], "excluded_lines": [], "start_line": 405}, "ScimStore.patch_user": {"executed_lines": [456, 457, 458, 465, 466, 467, 468, 469, 470, 474, 489, 490, 491, 492, 493], "summary": {"covered_lines": 15, "num_statements": 16, "percent_covered": 93.75, "percent_covered_display": "94", "missing_lines": 1, "excluded_lines": 0, "percent_statements_covered": 93.75, "percent_statements_covered_display": "94"}, "missing_lines": [471], "excluded_lines": [], "start_line": 450}, "ScimStore.delete_user": {"executed_lines": [502, 503, 504, 505, 506, 507, 508, 509], "summary": {"covered_lines": 8, "num_statements": 8, "percent_covered": 100.0, "percent_covered_display": "100", "missing_lines": 0, "excluded_lines": 0, "percent_statements_covered": 100.0, "percent_statements_covered_display": "100"}, "missing_lines": [], "excluded_lines": [], "start_line": 497}, "ScimStore.list_users": {"executed_lines": [534, 535, 536, 537, 538, 539], "summary": {"covered_lines": 6, "num_statements": 6, "percent_covered": 100.0, "percent_covered_display": "100", "missing_lines": 0, "excluded_lines": 0, "percent_statements_covered": 100.0, "percent_statements_covered_display": "100"}, "missing_lines": [], "excluded_lines": [], "start_line": 527}, "ScimStore.create_group": {"executed_lines": [559, 560, 561, 562, 563, 564, 565, 578, 579, 580], "summary": {"covered_lines": 10, "num_statements": 10, "percent_covered": 100.0, "percent_covered_display": "100", "missing_lines": 0, "excluded_lines": 0, "percent_statements_covered": 100.0, "percent_statements_covered_display": "100"}, "missing_lines": [], "excluded_lines": [], "start_line": 548}, "ScimStore.get_group": {"executed_lines": [586, 587], "summary": {"covered_lines": 2, "num_statements": 2, "percent_covered": 100.0, "percent_covered_display": "100", "missing_lines": 0, "excluded_lines": 0, "percent_statements_covered": 100.0, "percent_statements_covered_display": "100"}, "missing_lines": [], "excluded_lines": [], "start_line": 584}, "ScimStore._get_group_locked": {"executed_lines": [590, 591, 592, 593], "summary": {"covered_lines": 4, "num_statements": 4, "percent_covered": 100.0, "percent_covered_display": "100", "missing_lines": 0, "excluded_lines": 0, "percent_statements_covered": 100.0, "percent_statements_covered_display": "100"}, "missing_lines": [], "excluded_lines": [], "start_line": 589}, "ScimStore.replace_group": {"executed_lines": [609, 610, 611, 612, 613, 614, 615, 616, 629, 630, 631, 632, 633], "summary": {"covered_lines": 13, "num_statements": 13, "percent_covered": 100.0, "percent_covered_display": "100", "missing_lines": 0, "excluded_lines": 0, "percent_statements_covered": 100.0, "percent_statements_covered_display": "100"}, "missing_lines": [], "excluded_lines": [], "start_line": 597}, "ScimStore.patch_group": {"executed_lines": [643, 644, 645, 646, 647, 649, 650, 651, 653, 655, 657, 658, 661, 662, 663, 664, 665, 666, 672, 673, 677, 678, 679, 680, 682, 689, 696, 697, 698, 701, 702, 715, 716, 717, 718, 719], "summary": {"covered_lines": 36, "num_statements": 43, "percent_covered": 83.72093023255815, "percent_covered_display": "84", "missing_lines": 7, "excluded_lines": 0, "percent_statements_covered": 83.72093023255815, "percent_statements_covered_display": "84"}, "missing_lines": [652, 667, 668, 683, 684, 686, 699], "excluded_lines": [], "start_line": 637}, "ScimStore.delete_group": {"executed_lines": [725, 726, 727, 728, 729, 730, 731, 732], "summary": {"covered_lines": 8, "num_statements": 8, "percent_covered": 100.0, "percent_covered_display": "100", "missing_lines": 0, "excluded_lines": 0, "percent_statements_covered": 100.0, "percent_statements_covered_display": "100"}, "missing_lines": [], "excluded_lines": [], "start_line": 723}, "ScimStore.list_groups": {"executed_lines": [743, 744, 745, 746, 747, 748], "summary": {"covered_lines": 6, "num_statements": 6, "percent_covered": 100.0, "percent_covered_display": "100", "missing_lines": 0, "excluded_lines": 0, "percent_statements_covered": 100.0, "percent_statements_covered_display": "100"}, "missing_lines": [], "excluded_lines": [], "start_line": 736}, "ScimStore.add_member": {"executed_lines": [759, 760, 761, 762, 763, 768], "summary": {"covered_lines": 6, "num_statements": 6, "percent_covered": 100.0, "percent_covered_display": "100", "missing_lines": 0, "excluded_lines": 0, "percent_statements_covered": 100.0, "percent_statements_covered_display": "100"}, "missing_lines": [], "excluded_lines": [], "start_line": 757}, "ScimStore.remove_member": {"executed_lines": [772, 773, 774, 775, 776, 781], "summary": {"covered_lines": 6, "num_statements": 6, "percent_covered": 100.0, "percent_covered_display": "100", "missing_lines": 0, "excluded_lines": 0, "percent_statements_covered": 100.0, "percent_statements_covered_display": "100"}, "missing_lines": [], "excluded_lines": [], "start_line": 770}, "ScimStore.user_groups": {"executed_lines": [785, 786, 787], "summary": {"covered_lines": 3, "num_statements": 3, "percent_covered": 100.0, "percent_covered_display": "100", "missing_lines": 0, "excluded_lines": 0, "percent_statements_covered": 100.0, "percent_statements_covered_display": "100"}, "missing_lines": [], "excluded_lines": [], "start_line": 783}, "ScimStore.to_group_roles": {"executed_lines": [799, 800], "summary": {"covered_lines": 2, "num_statements": 2, "percent_covered": 100.0, "percent_covered_display": "100", "missing_lines": 0, "excluded_lines": 0, "percent_statements_covered": 100.0, "percent_statements_covered_display": "100"}, "missing_lines": [], "excluded_lines": [], "start_line": 791}, "_replace_user": {"executed_lines": [808], "summary": {"covered_lines": 1, "num_statements": 1, "percent_covered": 100.0, "percent_covered_display": "100", "missing_lines": 0, "excluded_lines": 0, "percent_statements_covered": 100.0, "percent_statements_covered_display": "100"}, "missing_lines": [], "excluded_lines": [], "start_line": 806}, "_replace_group": {"executed_lines": [828, 829, 830, 836], "summary": {"covered_lines": 4, "num_statements": 4, "percent_covered": 100.0, "percent_covered_display": "100", "missing_lines": 0, "excluded_lines": 0, "percent_statements_covered": 100.0, "percent_statements_covered_display": "100"}, "missing_lines": [], "excluded_lines": [], "start_line": 820}, "_patch_member_set": {"executed_lines": [854, 855, 857, 858, 864, 865, 866, 867, 868, 869, 871, 872, 874, 875, 876, 877, 878, 879, 880, 881, 883], "summary": {"covered_lines": 21, "num_statements": 21, "percent_covered": 100.0, "percent_covered_display": "100", "missing_lines": 0, "excluded_lines": 0, "percent_statements_covered": 100.0, "percent_statements_covered_display": "100"}, "missing_lines": [], "excluded_lines": [], "start_line": 846}, "_apply_user_op": {"executed_lines": [888, 889, 890, 892, 894, 895, 897, 899, 900, 901, 902, 903, 905, 906, 908, 909, 910, 911, 915, 916, 918, 920, 921, 923, 925, 926, 927, 929, 931, 932, 933, 934, 946, 947, 948, 960], "summary": {"covered_lines": 36, "num_statements": 42, "percent_covered": 85.71428571428571, "percent_covered_display": "86", "missing_lines": 6, "excluded_lines": 0, "percent_statements_covered": 85.71428571428571, "percent_statements_covered_display": "86"}, "missing_lines": [907, 913, 917, 922, 935, 936], "excluded_lines": [], "start_line": 886}, "": {"executed_lines": [59, 61, 62, 63, 64, 65, 66, 70, 71, 72, 73, 74, 80, 94, 100, 114, 115, 118, 119, 120, 121, 124, 125, 128, 129, 130, 133, 134, 137, 138, 139, 140, 141, 142, 143, 144, 146, 170, 171, 179, 180, 181, 182, 183, 184, 186, 205, 206, 220, 221, 222, 225, 226, 229, 230, 231, 232, 234, 246, 252, 271, 311, 315, 319, 323, 334, 344, 384, 389, 395, 405, 450, 497, 527, 548, 584, 589, 597, 637, 723, 736, 757, 770, 783, 791, 806, 820, 846, 886], "summary": {"covered_lines": 89, "num_statements": 89, "percent_covered": 100.0, "percent_covered_display": "100", "missing_lines": 0, "excluded_lines": 0, "percent_statements_covered": 100.0, "percent_statements_covered_display": "100"}, "missing_lines": [], "excluded_lines": [], "start_line": 1}}, "classes": {"ScimError": {"executed_lines": [95, 96, 97, 98, 101, 106, 107, 108], "summary": {"covered_lines": 8, "num_statements": 8, "percent_covered": 100.0, "percent_covered_display": "100", "missing_lines": 0, "excluded_lines": 0, "percent_statements_covered": 100.0, "percent_statements_covered_display": "100"}, "missing_lines": [], "excluded_lines": [], "start_line": 80}, "ScimMeta": {"executed_lines": [], "summary": {"covered_lines": 0, "num_statements": 0, "percent_covered": 100.0, "percent_covered_display": "100", "missing_lines": 0, "excluded_lines": 0, "percent_statements_covered": 100.0, "percent_statements_covered_display": "100"}, "missing_lines": [], "excluded_lines": [], "start_line": 115}, "ScimEmail": {"executed_lines": [], "summary": {"covered_lines": 0, "num_statements": 0, "percent_covered": 100.0, "percent_covered_display": "100", "missing_lines": 0, "excluded_lines": 0, "percent_statements_covered": 100.0, "percent_statements_covered_display": "100"}, "missing_lines": [], "excluded_lines": [], "start_line": 125}, "ScimUser": {"executed_lines": [147, 158, 159, 160, 167], "summary": {"covered_lines": 5, "num_statements": 6, "percent_covered": 83.33333333333333, "percent_covered_display": "83", "missing_lines": 1, "excluded_lines": 0, "percent_statements_covered": 83.33333333333333, "percent_statements_covered_display": "83"}, "missing_lines": [161], "excluded_lines": [], "start_line": 134}, "ScimGroup": {"executed_lines": [187, 193, 195, 202], "summary": {"covered_lines": 4, "num_statements": 6, "percent_covered": 66.66666666666667, "percent_covered_display": "67", "missing_lines": 2, "excluded_lines": 0, "percent_statements_covered": 66.66666666666667, "percent_statements_covered_display": "67"}, "missing_lines": [194, 196], "excluded_lines": [], "start_line": 171}, "ScimPatchOp": {"executed_lines": [], "summary": {"covered_lines": 0, "num_statements": 0, "percent_covered": 100.0, "percent_covered_display": "100", "missing_lines": 0, "excluded_lines": 0, "percent_statements_covered": 100.0, "percent_statements_covered_display": "100"}, "missing_lines": [], "excluded_lines": [], "start_line": 206}, "ScimListResponse": {"executed_lines": [235], "summary": {"covered_lines": 1, "num_statements": 1, "percent_covered": 100.0, "percent_covered_display": "100", "missing_lines": 0, "excluded_lines": 0, "percent_statements_covered": 100.0, "percent_statements_covered_display": "100"}, "missing_lines": [], "excluded_lines": [], "start_line": 226}, "ScimStore": {"executed_lines": [335, 336, 337, 339, 340, 357, 358, 359, 360, 361, 362, 363, 378, 379, 380, 386, 387, 390, 391, 392, 393, 397, 398, 399, 400, 401, 420, 421, 422, 423, 424, 425, 426, 427, 442, 443, 444, 445, 446, 456, 457, 458, 465, 466, 467, 468, 469, 470, 474, 489, 490, 491, 492, 493, 502, 503, 504, 505, 506, 507, 508, 509, 534, 535, 536, 537, 538, 539, 559, 560, 561, 562, 563, 564, 565, 578, 579, 580, 586, 587, 590, 591, 592, 593, 609, 610, 611, 612, 613, 614, 615, 616, 629, 630, 631, 632, 633, 643, 644, 645, 646, 647, 649, 650, 651, 653, 655, 657, 658, 661, 662, 663, 664, 665, 666, 672, 673, 677, 678, 679, 680, 682, 689, 696, 697, 698, 701, 702, 715, 716, 717, 718, 719, 725, 726, 727, 728, 729, 730, 731, 732, 743, 744, 745, 746, 747, 748, 759, 760, 761, 762, 763, 768, 772, 773, 774, 775, 776, 781, 785, 786, 787, 799, 800], "summary": {"covered_lines": 164, "num_statements": 172, "percent_covered": 95.34883720930233, "percent_covered_display": "95", "missing_lines": 8, "excluded_lines": 0, "percent_statements_covered": 95.34883720930233, "percent_statements_covered_display": "95"}, "missing_lines": [471, 652, 667, 668, 683, 684, 686, 699], "excluded_lines": [], "start_line": 323}, "": {"executed_lines": [59, 61, 62, 63, 64, 65, 66, 70, 71, 72, 73, 74, 80, 94, 100, 114, 115, 118, 119, 120, 121, 124, 125, 128, 129, 130, 133, 134, 137, 138, 139, 140, 141, 142, 143, 144, 146, 170, 171, 179, 180, 181, 182, 183, 184, 186, 205, 206, 220, 221, 222, 225, 226, 229, 230, 231, 232, 234, 246, 252, 253, 254, 255, 263, 268, 271, 276, 277, 278, 280, 281, 282, 284, 285, 286, 287, 289, 290, 291, 292, 293, 294, 295, 296, 297, 298, 299, 300, 301, 302, 305, 311, 312, 315, 316, 319, 320, 323, 334, 344, 384, 389, 395, 405, 450, 497, 527, 548, 584, 589, 597, 637, 723, 736, 757, 770, 783, 791, 806, 808, 820, 828, 829, 830, 836, 846, 854, 855, 857, 858, 864, 865, 866, 867, 868, 869, 871, 872, 874, 875, 876, 877, 878, 879, 880, 881, 883, 886, 888, 889, 890, 892, 894, 895, 897, 899, 900, 901, 902, 903, 905, 906, 908, 909, 910, 911, 915, 916, 918, 920, 921, 923, 925, 926, 927, 929, 931, 932, 933, 934, 946, 947, 948, 960], "summary": {"covered_lines": 184, "num_statements": 191, "percent_covered": 96.33507853403141, "percent_covered_display": "96", "missing_lines": 7, "excluded_lines": 0, "percent_statements_covered": 96.33507853403141, "percent_statements_covered_display": "96"}, "missing_lines": [303, 907, 913, 917, 922, 935, 936], "excluded_lines": [], "start_line": 1}}}, "aegis/auth/scopes.py": {"executed_lines": [37, 39, 43, 44, 45, 46, 48, 58, 61, 62, 63, 64, 69, 87, 88, 90, 91, 92, 93, 94, 95, 96, 97, 98, 99, 100, 101, 102, 103, 106, 121, 126, 127, 129, 147, 148, 149, 151, 173, 174, 175, 176, 178, 180, 181, 182, 183, 184, 186, 187, 193], "summary": {"covered_lines": 51, "num_statements": 51, "percent_covered": 100.0, "percent_covered_display": "100", "missing_lines": 0, "excluded_lines": 0, "percent_statements_covered": 100.0, "percent_statements_covered_display": "100"}, "missing_lines": [], "excluded_lines": [], "functions": {"ScopeViolationError.__init__": {"executed_lines": [62, 63, 64], "summary": {"covered_lines": 3, "num_statements": 3, "percent_covered": 100.0, "percent_covered_display": "100", "missing_lines": 0, "excluded_lines": 0, "percent_statements_covered": 100.0, "percent_statements_covered_display": "100"}, "missing_lines": [], "excluded_lines": [], "start_line": 61}, "parse_scope_config": {"executed_lines": [87, 88, 90, 91, 92, 93, 94, 95, 96, 97, 98, 99, 100, 101, 102, 103], "summary": {"covered_lines": 16, "num_statements": 16, "percent_covered": 100.0, "percent_covered_display": "100", "missing_lines": 0, "excluded_lines": 0, "percent_statements_covered": 100.0, "percent_statements_covered_display": "100"}, "missing_lines": [], "excluded_lines": [], "start_line": 69}, "ScopedKeyRegistry.__init__": {"executed_lines": [126, 127], "summary": {"covered_lines": 2, "num_statements": 2, "percent_covered": 100.0, "percent_covered_display": "100", "missing_lines": 0, "excluded_lines": 0, "percent_statements_covered": 100.0, "percent_statements_covered_display": "100"}, "missing_lines": [], "excluded_lines": [], "start_line": 121}, "ScopedKeyRegistry.validate": {"executed_lines": [147, 148, 149], "summary": {"covered_lines": 3, "num_statements": 3, "percent_covered": 100.0, "percent_covered_display": "100", "missing_lines": 0, "excluded_lines": 0, "percent_statements_covered": 100.0, "percent_statements_covered_display": "100"}, "missing_lines": [], "excluded_lines": [], "start_line": 129}, "ScopedKeyRegistry.require_scope": {"executed_lines": [173, 174, 175, 176], "summary": {"covered_lines": 4, "num_statements": 4, "percent_covered": 100.0, "percent_covered_display": "100", "missing_lines": 0, "excluded_lines": 0, "percent_statements_covered": 100.0, "percent_statements_covered_display": "100"}, "missing_lines": [], "excluded_lines": [], "start_line": 151}, "ScopedKeyRegistry._constant_time_in": {"executed_lines": [180, 181, 182, 183, 184], "summary": {"covered_lines": 5, "num_statements": 5, "percent_covered": 100.0, "percent_covered_display": "100", "missing_lines": 0, "excluded_lines": 0, "percent_statements_covered": 100.0, "percent_statements_covered_display": "100"}, "missing_lines": [], "excluded_lines": [], "start_line": 178}, "ScopedKeyRegistry.from_config": {"executed_lines": [193], "summary": {"covered_lines": 1, "num_statements": 1, "percent_covered": 100.0, "percent_covered_display": "100", "missing_lines": 0, "excluded_lines": 0, "percent_statements_covered": 100.0, "percent_statements_covered_display": "100"}, "missing_lines": [], "excluded_lines": [], "start_line": 187}, "": {"executed_lines": [37, 39, 43, 44, 45, 46, 48, 58, 61, 69, 106, 121, 129, 151, 178, 186, 187], "summary": {"covered_lines": 17, "num_statements": 17, "percent_covered": 100.0, "percent_covered_display": "100", "missing_lines": 0, "excluded_lines": 0, "percent_statements_covered": 100.0, "percent_statements_covered_display": "100"}, "missing_lines": [], "excluded_lines": [], "start_line": 1}}, "classes": {"ScopeViolationError": {"executed_lines": [62, 63, 64], "summary": {"covered_lines": 3, "num_statements": 3, "percent_covered": 100.0, "percent_covered_display": "100", "missing_lines": 0, "excluded_lines": 0, "percent_statements_covered": 100.0, "percent_statements_covered_display": "100"}, "missing_lines": [], "excluded_lines": [], "start_line": 58}, "ScopedKeyRegistry": {"executed_lines": [126, 127, 147, 148, 149, 173, 174, 175, 176, 180, 181, 182, 183, 184, 193], "summary": {"covered_lines": 15, "num_statements": 15, "percent_covered": 100.0, "percent_covered_display": "100", "missing_lines": 0, "excluded_lines": 0, "percent_statements_covered": 100.0, "percent_statements_covered_display": "100"}, "missing_lines": [], "excluded_lines": [], "start_line": 106}, "": {"executed_lines": [37, 39, 43, 44, 45, 46, 48, 58, 61, 69, 87, 88, 90, 91, 92, 93, 94, 95, 96, 97, 98, 99, 100, 101, 102, 103, 106, 121, 129, 151, 178, 186, 187], "summary": {"covered_lines": 33, "num_statements": 33, "percent_covered": 100.0, "percent_covered_display": "100", "missing_lines": 0, "excluded_lines": 0, "percent_statements_covered": 100.0, "percent_statements_covered_display": "100"}, "missing_lines": [], "excluded_lines": [], "start_line": 1}}}, "aegis/config.py": {"executed_lines": [8, 10, 11, 12, 13, 15, 16, 19, 20, 29, 38, 49, 53, 59, 65, 74, 78, 84, 91, 95, 99, 103, 109, 116, 120, 124, 135, 146, 156, 163, 171, 178, 187, 194, 202, 210, 214, 221, 228, 234, 238, 242, 246, 250, 261, 272, 276, 281, 294, 302, 306, 310, 314, 320, 326, 332, 338, 346, 355, 361, 366, 371, 379, 385, 391, 397, 403, 407, 411, 415, 419, 428, 437, 448, 456, 457, 458, 459, 460, 464, 476, 487, 498, 510, 521, 526, 533, 537, 546, 556, 562, 570, 580, 591, 603, 607, 609, 610, 611, 612, 613, 614, 615, 616, 618, 619, 620, 621, 622, 624, 626, 627, 628, 629, 630, 631, 632, 633, 635, 636, 637, 638, 639, 640, 641, 642, 644, 645, 655, 656, 658, 660, 661, 667, 669, 671, 672, 673, 675, 677, 679, 680, 681, 683, 685, 688, 689, 690, 691, 693, 694, 695, 696, 698, 699, 700, 701, 703, 705, 707, 708, 709, 710, 711, 712, 714, 716, 717, 718, 721, 723, 725, 727, 733, 734, 735, 738, 739, 740], "summary": {"covered_lines": 179, "num_statements": 192, "percent_covered": 93.22916666666667, "percent_covered_display": "93", "missing_lines": 13, "excluded_lines": 0, "percent_statements_covered": 93.22916666666667, "percent_statements_covered_display": "93"}, "missing_lines": [229, 230, 231, 623, 657, 659, 674, 676, 678, 682, 684, 686, 713], "excluded_lines": [], "functions": {"AegisSettings.get_ldap_required_groups": {"executed_lines": [], "summary": {"covered_lines": 0, "num_statements": 3, "percent_covered": 0.0, "percent_covered_display": "0", "missing_lines": 3, "excluded_lines": 0, "percent_statements_covered": 0.0, "percent_statements_covered_display": "0"}, "missing_lines": [229, 230, 231], "excluded_lines": [], "start_line": 228}, "AegisSettings._validate_provider": {"executed_lines": [612, 613, 614, 615, 616], "summary": {"covered_lines": 5, "num_statements": 5, "percent_covered": 100.0, "percent_covered_display": "100", "missing_lines": 0, "excluded_lines": 0, "percent_statements_covered": 100.0, "percent_statements_covered_display": "100"}, "missing_lines": [], "excluded_lines": [], "start_line": 611}, "AegisSettings._validate_security_enforcement_mode": {"executed_lines": [621, 622, 624], "summary": {"covered_lines": 3, "num_statements": 4, "percent_covered": 75.0, "percent_covered_display": "75", "missing_lines": 1, "excluded_lines": 0, "percent_statements_covered": 75.0, "percent_statements_covered_display": "75"}, "missing_lines": [623], "excluded_lines": [], "start_line": 620}, "AegisSettings._validate_rate_limit_backend": {"executed_lines": [629, 630, 631, 632, 633], "summary": {"covered_lines": 5, "num_statements": 5, "percent_covered": 100.0, "percent_covered_display": "100", "missing_lines": 0, "excluded_lines": 0, "percent_statements_covered": 100.0, "percent_statements_covered_display": "100"}, "missing_lines": [], "excluded_lines": [], "start_line": 628}, "AegisSettings._validate_log_level": {"executed_lines": [638, 639, 640, 641, 642], "summary": {"covered_lines": 5, "num_statements": 5, "percent_covered": 100.0, "percent_covered_display": "100", "missing_lines": 0, "excluded_lines": 0, "percent_statements_covered": 100.0, "percent_statements_covered_display": "100"}, "missing_lines": [], "excluded_lines": [], "start_line": 637}, "AegisSettings._enforce_auth_posture": {"executed_lines": [655, 656, 658, 660, 661, 667], "summary": {"covered_lines": 6, "num_statements": 8, "percent_covered": 75.0, "percent_covered_display": "75", "missing_lines": 2, "excluded_lines": 0, "percent_statements_covered": 75.0, "percent_statements_covered_display": "75"}, "missing_lines": [657, 659], "excluded_lines": [], "start_line": 645}, "AegisSettings.validate_runtime_invariants": {"executed_lines": [671, 672, 673, 675, 677, 679, 680, 681, 683, 685], "summary": {"covered_lines": 10, "num_statements": 16, "percent_covered": 62.5, "percent_covered_display": "62", "missing_lines": 6, "excluded_lines": 0, "percent_statements_covered": 62.5, "percent_statements_covered_display": "62"}, "missing_lines": [674, 676, 678, 682, 684, 686], "excluded_lines": [], "start_line": 669}, "AegisSettings.get_api_keys": {"executed_lines": [689, 690, 691], "summary": {"covered_lines": 3, "num_statements": 3, "percent_covered": 100.0, "percent_covered_display": "100", "missing_lines": 0, "excluded_lines": 0, "percent_statements_covered": 100.0, "percent_statements_covered_display": "100"}, "missing_lines": [], "excluded_lines": [], "start_line": 688}, "AegisSettings.get_audit_api_keys": {"executed_lines": [694, 695, 696], "summary": {"covered_lines": 3, "num_statements": 3, "percent_covered": 100.0, "percent_covered_display": "100", "missing_lines": 0, "excluded_lines": 0, "percent_statements_covered": 100.0, "percent_statements_covered_display": "100"}, "missing_lines": [], "excluded_lines": [], "start_line": 693}, "AegisSettings.get_cors_origins": {"executed_lines": [699, 700, 701], "summary": {"covered_lines": 3, "num_statements": 3, "percent_covered": 100.0, "percent_covered_display": "100", "missing_lines": 0, "excluded_lines": 0, "percent_statements_covered": 100.0, "percent_statements_covered_display": "100"}, "missing_lines": [], "excluded_lines": [], "start_line": 698}, "AegisSettings.get_dmz_networks": {"executed_lines": [705, 707, 708, 709, 710, 711, 712, 714, 716, 717, 718, 721], "summary": {"covered_lines": 12, "num_statements": 13, "percent_covered": 92.3076923076923, "percent_covered_display": "92", "missing_lines": 1, "excluded_lines": 0, "percent_statements_covered": 92.3076923076923, "percent_statements_covered_display": "92"}, "missing_lines": [713], "excluded_lines": [], "start_line": 703}, "AegisSettings.get_egress_guard": {"executed_lines": [725, 727], "summary": {"covered_lines": 2, "num_statements": 2, "percent_covered": 100.0, "percent_covered_display": "100", "missing_lines": 0, "excluded_lines": 0, "percent_statements_covered": 100.0, "percent_statements_covered_display": "100"}, "missing_lines": [], "excluded_lines": [], "start_line": 723}, "AegisSettings.backend_url_str": {"executed_lines": [735], "summary": {"covered_lines": 1, "num_statements": 1, "percent_covered": 100.0, "percent_covered_display": "100", "missing_lines": 0, "excluded_lines": 0, "percent_statements_covered": 100.0, "percent_statements_covered_display": "100"}, "missing_lines": [], "excluded_lines": [], "start_line": 734}, "get_settings": {"executed_lines": [740], "summary": {"covered_lines": 1, "num_statements": 1, "percent_covered": 100.0, "percent_covered_display": "100", "missing_lines": 0, "excluded_lines": 0, "percent_statements_covered": 100.0, "percent_statements_covered_display": "100"}, "missing_lines": [], "excluded_lines": [], "start_line": 739}, "": {"executed_lines": [8, 10, 11, 12, 13, 15, 16, 19, 20, 29, 38, 49, 53, 59, 65, 74, 78, 84, 91, 95, 99, 103, 109, 116, 120, 124, 135, 146, 156, 163, 171, 178, 187, 194, 202, 210, 214, 221, 228, 234, 238, 242, 246, 250, 261, 272, 276, 281, 294, 302, 306, 310, 314, 320, 326, 332, 338, 346, 355, 361, 366, 371, 379, 385, 391, 397, 403, 407, 411, 415, 419, 428, 437, 448, 456, 457, 458, 459, 460, 464, 476, 487, 498, 510, 521, 526, 533, 537, 546, 556, 562, 570, 580, 591, 603, 607, 609, 610, 611, 618, 619, 620, 626, 627, 628, 635, 636, 637, 644, 645, 669, 688, 693, 698, 703, 723, 733, 734, 738, 739], "summary": {"covered_lines": 120, "num_statements": 120, "percent_covered": 100.0, "percent_covered_display": "100", "missing_lines": 0, "excluded_lines": 0, "percent_statements_covered": 100.0, "percent_statements_covered_display": "100"}, "missing_lines": [], "excluded_lines": [], "start_line": 1}}, "classes": {"AegisSettings": {"executed_lines": [612, 613, 614, 615, 616, 621, 622, 624, 629, 630, 631, 632, 633, 638, 639, 640, 641, 642, 655, 656, 658, 660, 661, 667, 671, 672, 673, 675, 677, 679, 680, 681, 683, 685, 689, 690, 691, 694, 695, 696, 699, 700, 701, 705, 707, 708, 709, 710, 711, 712, 714, 716, 717, 718, 721, 725, 727, 735], "summary": {"covered_lines": 58, "num_statements": 71, "percent_covered": 81.69014084507042, "percent_covered_display": "82", "missing_lines": 13, "excluded_lines": 0, "percent_statements_covered": 81.69014084507042, "percent_statements_covered_display": "82"}, "missing_lines": [229, 230, 231, 623, 657, 659, 674, 676, 678, 682, 684, 686, 713], "excluded_lines": [], "start_line": 19}, "": {"executed_lines": [8, 10, 11, 12, 13, 15, 16, 19, 20, 29, 38, 49, 53, 59, 65, 74, 78, 84, 91, 95, 99, 103, 109, 116, 120, 124, 135, 146, 156, 163, 171, 178, 187, 194, 202, 210, 214, 221, 228, 234, 238, 242, 246, 250, 261, 272, 276, 281, 294, 302, 306, 310, 314, 320, 326, 332, 338, 346, 355, 361, 366, 371, 379, 385, 391, 397, 403, 407, 411, 415, 419, 428, 437, 448, 456, 457, 458, 459, 460, 464, 476, 487, 498, 510, 521, 526, 533, 537, 546, 556, 562, 570, 580, 591, 603, 607, 609, 610, 611, 618, 619, 620, 626, 627, 628, 635, 636, 637, 644, 645, 669, 688, 693, 698, 703, 723, 733,
[...]
cent_covered_display": "100", "missing_lines": 0, "excluded_lines": 0, "percent_statements_covered": 100.0, "percent_statements_covered_display": "100"}, "missing_lines": [], "excluded_lines": [], "start_line": 167}, "LLMForwarder.stream_sse": {"executed_lines": [273, 276, 280, 282, 288, 289, 292, 294, 295], "summary": {"covered_lines": 9, "num_statements": 10, "percent_covered": 90.0, "percent_covered_display": "90", "missing_lines": 1, "excluded_lines": 0, "percent_statements_covered": 90.0, "percent_statements_covered_display": "90"}, "missing_lines": [277], "excluded_lines": [], "start_line": 259}, "LLMForwarder._stream_passthrough": {"executed_lines": [306, 307, 308, 309, 310, 311, 312, 313, 314, 315, 316, 317, 318, 319, 320, 321, 322, 323, 324, 325, 326, 327, 328, 329, 330, 331, 332, 333, 335], "summary": {"covered_lines": 29, "num_statements": 29, "percent_covered": 100.0, "percent_covered_display": "100", "missing_lines": 0, "excluded_lines": 0, "percent_statements_covered": 100.0, "percent_statements_covered_display": "100"}, "missing_lines": [], "excluded_lines": [], "start_line": 299}, "LLMForwarder._stream_with_translation": {"executed_lines": [345, 346, 347, 349, 357, 364, 365, 366, 367, 368, 369, 370, 371, 372, 373, 374, 375, 377], "summary": {"covered_lines": 18, "num_statements": 18, "percent_covered": 100.0, "percent_covered_display": "100", "missing_lines": 0, "excluded_lines": 0, "percent_statements_covered": 100.0, "percent_statements_covered_display": "100"}, "missing_lines": [], "excluded_lines": [], "start_line": 337}, "LLMForwarder._stream_with_translation._raw_line_iter": {"executed_lines": [350, 353, 354, 355], "summary": {"covered_lines": 4, "num_statements": 4, "percent_covered": 100.0, "percent_covered_display": "100", "missing_lines": 0, "excluded_lines": 0, "percent_statements_covered": 100.0, "percent_statements_covered_display": "100"}, "missing_lines": [], "excluded_lines": [], "start_line": 349}, "": {"executed_lines": [28, 30, 31, 32, 33, 34, 35, 36, 37, 38, 40, 42, 43, 44, 45, 47, 49, 50, 51, 53, 54, 56, 57, 58, 59, 62, 72, 90, 91, 96, 160, 167, 259, 299, 337], "summary": {"covered_lines": 35, "num_statements": 35, "percent_covered": 100.0, "percent_covered_display": "100", "missing_lines": 0, "excluded_lines": 0, "percent_statements_covered": 100.0, "percent_statements_covered_display": "100"}, "missing_lines": [], "excluded_lines": [], "start_line": 1}}, "classes": {"LLMForwarder": {"executed_lines": [78, 79, 80, 81, 82, 88, 92, 97, 98, 99, 109, 110, 111, 112, 117, 118, 119, 120, 124, 129, 135, 142, 149, 150, 151, 155, 156, 157, 158, 161, 162, 163, 181, 182, 186, 188, 194, 195, 196, 197, 203, 204, 205, 206, 207, 209, 210, 211, 216, 217, 218, 223, 224, 229, 230, 238, 239, 241, 243, 244, 249, 253, 273, 276, 280, 282, 288, 289, 292, 294, 295, 306, 307, 308, 309, 310, 311, 312, 313, 314, 315, 316, 317, 318, 319, 320, 321, 322, 323, 324, 325, 326, 327, 328, 329, 330, 331, 332, 333, 335, 345, 346, 347, 349, 350, 353, 354, 355, 357, 364, 365, 366, 367, 368, 369, 370, 371, 372, 373, 374, 375, 377], "summary": {"covered_lines": 122, "num_statements": 123, "percent_covered": 99.1869918699187, "percent_covered_display": "99", "missing_lines": 1, "excluded_lines": 0, "percent_statements_covered": 99.1869918699187, "percent_statements_covered_display": "99"}, "missing_lines": [277], "excluded_lines": [], "start_line": 62}, "": {"executed_lines": [28, 30, 31, 32, 33, 34, 35, 36, 37, 38, 40, 42, 43, 44, 45, 47, 49, 50, 51, 53, 54, 56, 57, 58, 59, 62, 72, 90, 91, 96, 160, 167, 259, 299, 337], "summary": {"covered_lines": 35, "num_statements": 35, "percent_covered": 100.0, "percent_covered_display": "100", "missing_lines": 0, "excluded_lines": 0, "percent_statements_covered": 100.0, "percent_statements_covered_display": "100"}, "missing_lines": [], "excluded_lines": [], "start_line": 1}}}, "aegis/proxy/schemas.py": {"executed_lines": [11, 13, 15, 18, 19, 25, 26, 27, 28, 29, 32, 33, 34, 35, 36, 37, 38, 41, 42, 43, 44, 45, 46, 47, 48, 49, 50, 51, 52, 53, 54, 55, 56, 57, 58, 59, 60, 63, 64, 65, 66, 69, 70, 71, 72, 73, 76, 77, 80, 81, 82, 83, 84, 85, 88, 89, 90, 91, 92, 95, 96, 97, 98, 99, 100, 101, 102, 103, 109, 110, 111, 112, 113, 114, 115, 116, 117, 118, 119, 120, 121, 127, 128, 129, 130, 131, 132, 138, 139, 140, 141, 142, 143, 144, 145, 146, 149, 150, 151, 152, 153, 154, 157, 158, 159, 160, 161, 162, 165, 166, 167, 168, 169, 170, 173, 174, 175, 176, 179, 180, 181, 182, 183, 184, 185, 186, 187, 188], "summary": {"covered_lines": 128, "num_statements": 128, "percent_covered": 100.0, "percent_covered_display": "100", "missing_lines": 0, "excluded_lines": 0, "percent_statements_covered": 100.0, "percent_statements_covered_display": "100"}, "missing_lines": [], "excluded_lines": [], "functions": {"": {"executed_lines": [11, 13, 15, 18, 19, 25, 26, 27, 28, 29, 32, 33, 34, 35, 36, 37, 38, 41, 42, 43, 44, 45, 46, 47, 48, 49, 50, 51, 52, 53, 54, 55, 56, 57, 58, 59, 60, 63, 64, 65, 66, 69, 70, 71, 72, 73, 76, 77, 80, 81, 82, 83, 84, 85, 88, 89, 90, 91, 92, 95, 96, 97, 98, 99, 100, 101, 102, 103, 109, 110, 111, 112, 113, 114, 115, 116, 117, 118, 119, 120, 121, 127, 128, 129, 130, 131, 132, 138, 139, 140, 141, 142, 143, 144, 145, 146, 149, 150, 151, 152, 153, 154, 157, 158, 159, 160, 161, 162, 165, 166, 167, 168, 169, 170, 173, 174, 175, 176, 179, 180, 181, 182, 183, 184, 185, 186, 187, 188], "summary": {"covered_lines": 128, "num_statements": 128, "percent_covered": 100.0, "percent_covered_display": "100", "missing_lines": 0, "excluded_lines": 0, "percent_statements_covered": 100.0, "percent_statements_covered_display": "100"}, "missing_lines": [], "excluded_lines": [], "start_line": 1}}, "classes": {"_OpenAIBase": {"executed_lines": [], "summary": {"covered_lines": 0, "num_statements": 0, "percent_covered": 100.0, "percent_covered_display": "100", "missing_lines": 0, "excluded_lines": 0, "percent_statements_covered": 100.0, "percent_statements_covered_display": "100"}, "missing_lines": [], "excluded_lines": [], "start_line": 18}, "ChatMessageContentPart": {"executed_lines": [], "summary": {"covered_lines": 0, "num_statements": 0, "percent_covered": 100.0, "percent_covered_display": "100", "missing_lines": 0, "excluded_lines": 0, "percent_statements_covered": 100.0, "percent_statements_covered_display": "100"}, "missing_lines": [], "excluded_lines": [], "start_line": 25}, "ChatMessage": {"executed_lines": [], "summary": {"covered_lines": 0, "num_statements": 0, "percent_covered": 100.0, "percent_covered_display": "100", "missing_lines": 0, "excluded_lines": 0, "percent_statements_covered": 100.0, "percent_statements_covered_display": "100"}, "missing_lines": [], "excluded_lines": [], "start_line": 32}, "ChatCompletionRequest": {"executed_lines": [], "summary": {"covered_lines": 0, "num_statements": 0, "percent_covered": 100.0, "percent_covered_display": "100", "missing_lines": 0, "excluded_lines": 0, "percent_statements_covered": 100.0, "percent_statements_covered_display": "100"}, "missing_lines": [], "excluded_lines": [], "start_line": 41}, "TopLogprob": {"executed_lines": [], "summary": {"covered_lines": 0, "num_statements": 0, "percent_covered": 100.0, "percent_covered_display": "100", "missing_lines": 0, "excluded_lines": 0, "percent_statements_covered": 100.0, "percent_statements_covered_display": "100"}, "missing_lines": [], "excluded_lines": [], "start_line": 63}, "TokenLogprob": {"executed_lines": [], "summary": {"covered_lines": 0, "num_statements": 0, "percent_covered": 100.0, "percent_covered_display": "100", "missing_lines": 0, "excluded_lines": 0, "percent_statements_covered": 100.0, "percent_statements_covered_display": "100"}, "missing_lines": [], "excluded_lines": [], "start_line": 69}, "ChoiceLogprobs": {"executed_lines": [], "summary": {"covered_lines": 0, "num_statements": 0, "percent_covered": 100.0, "percent_covered_display": "100", "missing_lines": 0, "excluded_lines": 0, "percent_statements_covered": 100.0, "percent_statements_covered_display": "100"}, "missing_lines": [], "excluded_lines": [], "start_line": 76}, "ChatCompletionChoice": {"executed_lines": [], "summary": {"covered_lines": 0, "num_statements": 0, "percent_covered": 100.0, "percent_covered_display": "100", "missing_lines": 0, "excluded_lines": 0, "percent_statements_covered": 100.0, "percent_statements_covered_display": "100"}, "missing_lines": [], "excluded_lines": [], "start_line": 80}, "Usage": {"executed_lines": [], "summary": {"covered_lines": 0, "num_statements": 0, "percent_covered": 100.0, "percent_covered_display": "100", "missing_lines": 0, "excluded_lines": 0, "percent_statements_covered": 100.0, "percent_statements_covered_display": "100"}, "missing_lines": [], "excluded_lines": [], "start_line": 88}, "ChatCompletionResponse": {"executed_lines": [], "summary": {"covered_lines": 0, "num_statements": 0, "percent_covered": 100.0, "percent_covered_display": "100", "missing_lines": 0, "excluded_lines": 0, "percent_statements_covered": 100.0, "percent_statements_covered_display": "100"}, "missing_lines": [], "excluded_lines": [], "start_line": 95}, "CompletionRequest": {"executed_lines": [], "summary": {"covered_lines": 0, "num_statements": 0, "percent_covered": 100.0, "percent_covered_display": "100", "missing_lines": 0, "excluded_lines": 0, "percent_statements_covered": 100.0, "percent_statements_covered_display": "100"}, "missing_lines": [], "excluded_lines": [], "start_line": 109}, "EmbeddingRequest": {"executed_lines": [], "summary": {"covered_lines": 0, "num_statements": 0, "percent_covered": 100.0, "percent_covered_display": "100", "missing_lines": 0, "excluded_lines": 0, "percent_statements_covered": 100.0, "percent_statements_covered_display": "100"}, "missing_lines": [], "excluded_lines": [], "start_line": 127}, "AuditNodeOut": {"executed_lines": [], "summary": {"covered_lines": 0, "num_statements": 0, "percent_covered": 100.0, "percent_covered_display": "100", "missing_lines": 0, "excluded_lines": 0, "percent_statements_covered": 100.0, "percent_statements_covered_display": "100"}, "missing_lines": [], "excluded_lines": [], "start_line": 138}, "AuditSessionOut": {"executed_lines": [], "summary": {"covered_lines": 0, "num_statements": 0, "percent_covered": 100.0, "percent_covered_display": "100", "missing_lines": 0, "excluded_lines": 0, "percent_statements_covered": 100.0, "percent_statements_covered_display": "100"}, "missing_lines": [], "excluded_lines": [], "start_line": 149}, "IntegrityReport": {"executed_lines": [], "summary": {"covered_lines": 0, "num_statements": 0, "percent_covered": 100.0, "percent_covered_display": "100", "missing_lines": 0, "excluded_lines": 0, "percent_statements_covered": 100.0, "percent_statements_covered_display": "100"}, "missing_lines": [], "excluded_lines": [], "start_line": 157}, "ControlCapabilityOut": {"executed_lines": [], "summary": {"covered_lines": 0, "num_statements": 0, "percent_covered": 100.0, "percent_covered_display": "100", "missing_lines": 0, "excluded_lines": 0, "percent_statements_covered": 100.0, "percent_statements_covered_display": "100"}, "missing_lines": [], "excluded_lines": [], "start_line": 165}, "CapabilitiesReport": {"executed_lines": [], "summary": {"covered_lines": 0, "num_statements": 0, "percent_covered": 100.0, "percent_covered_display": "100", "missing_lines": 0, "excluded_lines": 0, "percent_statements_covered": 100.0, "percent_statements_covered_display": "100"}, "missing_lines": [], "excluded_lines": [], "start_line": 173}, "AlertOut": {"executed_lines": [], "summary": {"covered_lines": 0, "num_statements": 0, "percent_covered": 100.0, "percent_covered_display": "100", "missing_lines": 0, "excluded_lines": 0, "percent_statements_covered": 100.0, "percent_statements_covered_display": "100"}, "missing_lines": [], "excluded_lines": [], "start_line": 179}, "": {"executed_lines": [11, 13, 15, 18, 19, 25, 26, 27, 28, 29, 32, 33, 34, 35, 36, 37, 38, 41, 42, 43, 44, 45, 46, 47, 48, 49, 50, 51, 52, 53, 54, 55, 56, 57, 58, 59, 60, 63, 64, 65, 66, 69, 70, 71, 72, 73, 76, 77, 80, 81, 82, 83, 84, 85, 88, 89, 90, 91, 92, 95, 96, 97, 98, 99, 100, 101, 102, 103, 109, 110, 111, 112, 113, 114, 115, 116, 117, 118, 119, 120, 121, 127, 128, 129, 130, 131, 132, 138, 139, 140, 141, 142, 143, 144, 145, 146, 149, 150, 151, 152, 153, 154, 157, 158, 159, 160, 161, 162, 165, 166, 167, 168, 169, 170, 173, 174, 175, 176, 179, 180, 181, 182, 183, 184, 185, 186, 187, 188], "summary": {"covered_lines": 128, "num_statements": 128, "percent_covered": 100.0, "percent_covered_display": "100", "missing_lines": 0, "excluded_lines": 0, "percent_statements_covered": 100.0, "percent_statements_covered_display": "100"}, "missing_lines": [], "excluded_lines": [], "start_line": 1}}}, "aegis/proxy/waf.py": {"executed_lines": [46, 48, 49, 50, 51, 52, 54, 56, 59, 60, 61, 62, 63, 64, 67, 75, 76, 77, 81, 82, 83, 103, 152, 153, 154, 156, 157, 158, 159, 163, 173, 174, 175, 180, 186, 188, 193, 194, 195, 196, 197, 198, 199, 200, 207, 208, 218, 219, 220, 221, 229, 230, 231, 232, 233, 234, 235, 243, 246, 248, 250, 274, 276, 277, 278, 284, 285, 286, 290, 291, 292, 293, 294, 295, 296, 297, 299, 300, 314, 323, 324, 325, 327, 328, 329, 330, 331, 332, 333, 334, 335, 336, 337, 338, 339, 340, 342, 343, 345, 346, 347, 348, 349, 350, 351, 352, 353, 354, 355, 356, 357, 359, 360, 362, 363, 364, 365, 366, 367, 368, 369, 370, 371], "summary": {"covered_lines": 123, "num_statements": 123, "percent_covered": 100.0, "percent_covered_display": "100", "missing_lines": 0, "excluded_lines": 0, "percent_statements_covered": 100.0, "percent_statements_covered_display": "100"}, "missing_lines": [], "excluded_lines": [], "functions": {"AegisWAF.__init__": {"executed_lines": [76, 77, 81, 82, 83, 103, 152, 153, 154, 156, 157, 158, 159], "summary": {"covered_lines": 13, "num_statements": 13, "percent_covered": 100.0, "percent_covered_display": "100", "missing_lines": 0, "excluded_lines": 0, "percent_statements_covered": 100.0, "percent_statements_covered_display": "100"}, "missing_lines": [], "excluded_lines": [], "start_line": 75}, "AegisWAF.inspect_payload": {"executed_lines": [173, 174, 175, 180, 186], "summary": {"covered_lines": 5, "num_statements": 5, "percent_covered": 100.0, "percent_covered_display": "100", "missing_lines": 0, "excluded_lines": 0, "percent_statements_covered": 100.0, "percent_statements_covered_display": "100"}, "missing_lines": [], "excluded_lines": [], "start_line": 163}, "AegisWAF._run_detection": {"executed_lines": [193, 194, 195, 196, 197, 198, 199, 200, 207, 208, 218, 219, 220, 221, 229, 230, 231, 232, 233, 234, 235, 243, 246, 248], "summary": {"covered_lines": 24, "num_statements": 24, "percent_covered": 100.0, "percent_covered_display": "100", "missing_lines": 0, "excluded_lines": 0, "percent_statements_covered": 100.0, "percent_statements_covered_display": "100"}, "missing_lines": [], "excluded_lines": [], "start_line": 188}, "AegisWAF.enable_hot_reload": {"executed_lines": [274, 276, 284, 285, 286], "summary": {"covered_lines": 5, "num_statements": 5, "percent_covered": 100.0, "percent_covered_display": "100", "missing_lines": 0, "excluded_lines": 0, "percent_statements_covered": 100.0, "percent_statements_covered_display": "100"}, "missing_lines": [], "excluded_lines": [], "start_line": 250}, "AegisWAF.enable_hot_reload._on_reload": {"executed_lines": [277, 278], "summary": {"covered_lines": 2, "num_statements": 2, "percent_covered": 100.0, "percent_covered_display": "100", "missing_lines": 0, "excluded_lines": 0, "percent_statements_covered": 100.0, "percent_statements_covered_display": "100"}, "missing_lines": [], "excluded_lines": [], "start_line": 276}, "AegisWAF._is_too_deep": {"executed_lines": [291, 292, 293, 294, 295, 296, 297], "summary": {"covered_lines": 7, "num_statements": 7, "percent_covered": 100.0, "percent_covered_display": "100", "missing_lines": 0, "excluded_lines": 0, "percent_statements_covered": 100.0, "percent_statements_covered_display": "100"}, "missing_lines": [], "excluded_lines": [], "start_line": 290}, "AegisWAF._normalize_text": {"executed_lines": [314, 323, 324, 325], "summary": {"covered_lines": 4, "num_statements": 4, "percent_covered": 100.0, "percent_covered_display": "100", "missing_lines": 0, "excluded_lines": 0, "percent_statements_covered": 100.0, "percent_statements_covered_display": "100"}, "missing_lines": [], "excluded_lines": [], "start_line": 300}, "AegisWAF._scan_content": {"executed_lines": [328, 329, 330, 331, 332, 333, 334, 335, 336, 337, 338, 339, 340], "summary": {"covered_lines": 13, "num_statements": 13, "percent_covered": 100.0, "percent_covered_display": "100", "missing_lines": 0, "excluded_lines": 0, "percent_statements_covered": 100.0, "percent_statements_covered_display": "100"}, "missing_lines": [], "excluded_lines": [], "start_line": 327}, "AegisWAF._extract_text": {"executed_lines": [345, 346, 347, 348, 349, 350, 351, 352, 353, 354, 355, 356, 357], "summary": {"covered_lines": 13, "num_statements": 13, "percent_covered": 100.0, "percent_covered_display": "100", "missing_lines": 0, "excluded_lines": 0, "percent_statements_covered": 100.0, "percent_statements_covered_display": "100"}, "missing_lines": [], "excluded_lines": [], "start_line": 343}, "AegisWAF._extract_raw_strings": {"executed_lines": [362, 363, 364, 365, 366, 367, 368, 369, 370, 371], "summary": {"covered_lines": 10, "num_statements": 10, "percent_covered": 100.0, "percent_covered_display": "100", "missing_lines": 0, "excluded_lines": 0, "percent_statements_covered": 100.0, "percent_statements_covered_display": "100"}, "missing_lines": [], "excluded_lines": [], "start_line": 360}, "": {"executed_lines": [46, 48, 49, 50, 51, 52, 54, 56, 59, 60, 61, 62, 63, 64, 67, 75, 163, 188, 250, 290, 299, 300, 327, 342, 343, 359, 360], "summary": {"covered_lines": 27, "num_statements": 27, "percent_covered": 100.0, "percent_covered_display": "100", "missing_lines": 0, "excluded_lines": 0, "percent_statements_covered": 100.0, "percent_statements_covered_display": "100"}, "missing_lines": [], "excluded_lines": [], "start_line": 1}}, "classes": {"WAFResult": {"executed_lines": [], "summary": {"covered_lines": 0, "num_statements": 0, "percent_covered": 100.0, "percent_covered_display": "100", "missing_lines": 0, "excluded_lines": 0, "percent_statements_covered": 100.0, "percent_statements_covered_display": "100"}, "missing_lines": [], "excluded_lines": [], "start_line": 60}, "AegisWAF": {"executed_lines": [76, 77, 81, 82, 83, 103, 152, 153, 154, 156, 157, 158, 159, 173, 174, 175, 180, 186, 193, 194, 195, 196, 197, 198, 199, 200, 207, 208, 218, 219, 220, 221, 229, 230, 231, 232, 233, 234, 235, 243, 246, 248, 274, 276, 277, 278, 284, 285, 286, 291, 292, 293, 294, 295, 296, 297, 314, 323, 324, 325, 328, 329, 330, 331, 332, 333, 334, 335, 336, 337, 338, 339, 340, 345, 346, 347, 348, 349, 350, 351, 352, 353, 354, 355, 356, 357, 362, 363, 364, 365, 366, 367, 368, 369, 370, 371], "summary": {"covered_lines": 96, "num_statements": 96, "percent_covered": 100.0, "percent_covered_display": "100", "missing_lines": 0, "excluded_lines": 0, "percent_statements_covered": 100.0, "percent_statements_covered_display": "100"}, "missing_lines": [], "excluded_lines": [], "start_line": 67}, "": {"executed_lines": [46, 48, 49, 50, 51, 52, 54, 56, 59, 60, 61, 62, 63, 64, 67, 75, 163, 188, 250, 290, 299, 300, 327, 342, 343, 359, 360], "summary": {"covered_lines": 27, "num_statements": 27, "percent_covered": 100.0, "percent_covered_display": "100", "missing_lines": 0, "excluded_lines": 0, "percent_statements_covered": 100.0, "percent_statements_covered_display": "100"}, "missing_lines": [], "excluded_lines": [], "start_line": 1}}}}, "totals": {"covered_lines": 11765, "num_statements": 12528, "percent_covered": 93.90964240102171, "percent_covered_display": "94", "missing_lines": 763, "excluded_lines": 59, "percent_statements_covered": 93.90964240102171, "percent_statements_covered_display": "94"}}